2020.09.16 16:01:52 INFO  started: Metals version 0.9.3 in workspace '/Users/mukesht/Mukesh/Github/Puzzles/verified-counting' for client vscode.
2020.09.16 16:01:52 INFO  time: initialize in 0.92s
2020.09.16 16:01:53 WARN  no build tool detected in workspace '/Users/mukesht/Mukesh/Github/Puzzles/verified-counting'. The most common cause for this problem is that the editor was opened in the wrong working directory, for example if you use sbt then the workspace directory should contain build.sbt. 
2020.09.16 16:01:53 INFO  no build target: using presentation compiler with only scala-library
2020.09.16 16:01:55 WARN  no build target for: /Users/mukesht/Mukesh/Bitbucket/secc/secc/src/secc/c/State.scala
Sep. 16, 2020 4:01:55 PM org.eclipse.lsp4j.jsonrpc.RemoteEndpoint handleCancellation
WARNING: Unmatched cancel notification for request id 4
2020.09.16 16:01:55 WARN  no build target for: /Users/mukesht/Mukesh/Bitbucket/secc/secc/src/secc/c/State.scala
2020.09.16 16:01:55 WARN  no build target for: /Users/mukesht/Mukesh/Bitbucket/secc/secc/src/secc/c/State.scala
2020.09.16 16:01:55 WARN  no build target for: /Users/mukesht/Mukesh/Bitbucket/secc/secc/src/secc/c/State.scala
2020.09.16 16:01:58 WARN  no build target for: /Users/mukesht/Mukesh/Bitbucket/secc/secc/src/secc/c/State.scala
2020.09.16 16:03:31 WARN  no build target for: /Users/mukesht/Mukesh/Bitbucket/secc/secc/src/secc/c/State.scala
2020.09.16 16:03:31 WARN  no build target for: /Users/mukesht/Mukesh/Bitbucket/secc/secc/src/secc/c/State.scala
2020.09.16 16:03:31 WARN  no build target for: /Users/mukesht/Mukesh/Bitbucket/secc/secc/src/secc/c/State.scala
2020.09.16 16:03:50 WARN  no build target for: /Users/mukesht/Mukesh/Bitbucket/secc/secc/src/secc/c/State.scala
2020.09.16 16:03:50 WARN  no build target for: /Users/mukesht/Mukesh/Bitbucket/secc/secc/src/secc/c/State.scala
2020.09.16 16:04:11 WARN  no build target for: /Users/mukesht/Mukesh/Bitbucket/secc/secc/src/secc/c/State.scala
2020.09.16 16:04:11 WARN  no build target for: /Users/mukesht/Mukesh/Bitbucket/secc/secc/src/secc/c/State.scala
2020.09.16 16:04:18 WARN  no build target for: /Users/mukesht/Mukesh/Bitbucket/secc/secc/src/secc/c/State.scala
2020.09.16 16:04:18 WARN  no build target for: /Users/mukesht/Mukesh/Bitbucket/secc/secc/src/secc/c/State.scala
Sep. 16, 2020 4:05:06 PM org.eclipse.lsp4j.jsonrpc.RemoteEndpoint handleCancellation
WARNING: Unmatched cancel notification for request id 43
Sep. 16, 2020 4:05:13 PM org.eclipse.lsp4j.jsonrpc.RemoteEndpoint handleCancellation
WARNING: Unmatched cancel notification for request id 47
2020.09.16 16:05:13 WARN  no build target for: /Users/mukesht/Mukesh/Bitbucket/secc/secc/src/secc/c/State.scala
2020.09.16 16:05:13 WARN  no build target for: /Users/mukesht/Mukesh/Bitbucket/secc/secc/src/secc/c/State.scala
2020.09.16 16:06:03 WARN  no build target for: /Users/mukesht/Mukesh/Bitbucket/secc/secc/src/secc/c/State.scala
2020.09.16 16:06:03 WARN  no build target for: /Users/mukesht/Mukesh/Bitbucket/secc/secc/src/secc/c/State.scala
2020.09.16 16:06:11 WARN  no build target for: /Users/mukesht/Mukesh/Bitbucket/secc/secc/src/secc/c/State.scala
2020.09.16 16:06:28 WARN  no build target for: /Users/mukesht/Mukesh/Bitbucket/secc/secc/src/secc/c/State.scala
2020.09.16 16:07:03 WARN  no build target for: /Users/mukesht/Mukesh/Bitbucket/secc/secc/src/secc/c/State.scala
2020.09.16 16:07:03 WARN  no build target for: /Users/mukesht/Mukesh/Bitbucket/secc/secc/src/secc/c/State.scala
2020.09.16 16:07:03 WARN  no build target for: /Users/mukesht/Mukesh/Bitbucket/secc/secc/src/secc/c/State.scala
2020.09.16 16:07:03 WARN  no build target for: /Users/mukesht/Mukesh/Bitbucket/secc/secc/src/secc/c/State.scala
2020.09.16 16:07:35 WARN  no build target for: /Users/mukesht/Mukesh/Bitbucket/secc/secc/src/secc/c/State.scala
2020.09.16 16:07:35 WARN  no build target for: /Users/mukesht/Mukesh/Bitbucket/secc/secc/src/secc/c/State.scala
2020.09.16 16:07:44 WARN  no build target for: /Users/mukesht/Mukesh/Bitbucket/secc/secc/src/secc/c/State.scala
2020.09.16 16:07:44 WARN  no build target for: /Users/mukesht/Mukesh/Bitbucket/secc/secc/src/secc/c/State.scala
2020.09.16 16:08:05 WARN  no build target for: /Users/mukesht/Mukesh/Bitbucket/secc/secc/src/secc/c/State.scala
2020.09.16 16:08:05 WARN  no build target for: /Users/mukesht/Mukesh/Bitbucket/secc/secc/src/secc/c/State.scala
2020.09.16 16:08:05 WARN  no build target for: /Users/mukesht/Mukesh/Bitbucket/secc/secc/src/secc/c/State.scala
2020.09.16 16:08:15 WARN  no build target for: /Users/mukesht/Mukesh/Bitbucket/secc/secc/src/secc/c/State.scala
2020.09.16 16:08:15 WARN  no build target for: /Users/mukesht/Mukesh/Bitbucket/secc/secc/src/secc/c/State.scala
2020.09.16 16:08:15 WARN  no build target for: /Users/mukesht/Mukesh/Bitbucket/secc/secc/src/secc/c/State.scala
2020.09.16 16:08:29 WARN  no build target for: /Users/mukesht/Mukesh/Bitbucket/secc/secc/src/secc/c/State.scala
2020.09.16 16:08:29 WARN  no build target for: /Users/mukesht/Mukesh/Bitbucket/secc/secc/src/secc/c/State.scala
2020.09.16 16:08:32 WARN  no build target for: /Users/mukesht/Mukesh/Bitbucket/secc/secc/src/secc/c/State.scala
2020.09.16 16:08:54 WARN  no build target for: /Users/mukesht/Mukesh/Bitbucket/secc/secc/src/secc/c/State.scala
2020.09.16 16:08:54 WARN  no build target for: /Users/mukesht/Mukesh/Bitbucket/secc/secc/src/secc/c/State.scala
2020.09.16 16:09:25 WARN  no build target for: /Users/mukesht/Mukesh/Bitbucket/secc/secc/src/secc/c/State.scala
2020.09.16 16:09:25 WARN  no build target for: /Users/mukesht/Mukesh/Bitbucket/secc/secc/src/secc/c/State.scala
2020.09.16 16:10:14 WARN  no build target for: /Users/mukesht/Mukesh/Bitbucket/secc/secc/src/secc/c/State.scala
2020.09.16 16:10:54 WARN  no build target for: /Users/mukesht/Mukesh/Bitbucket/secc/secc/src/secc/c/State.scala
2020.09.16 16:10:54 WARN  no build target for: /Users/mukesht/Mukesh/Bitbucket/secc/secc/src/secc/c/State.scala
2020.09.16 16:10:58 WARN  no build target for: /Users/mukesht/Mukesh/Bitbucket/secc/secc/src/secc/c/State.scala
2020.09.16 16:11:37 WARN  no build target for: /Users/mukesht/Mukesh/Bitbucket/secc/secc/src/secc/c/State.scala
2020.09.16 16:11:37 WARN  no build target for: /Users/mukesht/Mukesh/Bitbucket/secc/secc/src/secc/c/State.scala
2020.09.16 16:11:37 WARN  no build target for: /Users/mukesht/Mukesh/Bitbucket/secc/secc/src/secc/c/State.scala
2020.09.16 16:12:09 WARN  no build tool detected in workspace '/Users/mukesht/Mukesh/Github/Puzzles/verified-counting'. The most common cause for this problem is that the editor was opened in the wrong working directory, for example if you use sbt then the workspace directory should contain build.sbt. 
2020.09.16 16:12:09 WARN  no build tool detected in workspace '/Users/mukesht/Mukesh/Github/Puzzles/verified-counting'. The most common cause for this problem is that the editor was opened in the wrong working directory, for example if you use sbt then the workspace directory should contain build.sbt. 
2020.09.16 16:12:09 WARN  no build tool detected in workspace '/Users/mukesht/Mukesh/Github/Puzzles/verified-counting'. The most common cause for this problem is that the editor was opened in the wrong working directory, for example if you use sbt then the workspace directory should contain build.sbt. 
2020.09.16 16:12:10 WARN  no build tool detected in workspace '/Users/mukesht/Mukesh/Github/Puzzles/verified-counting'. The most common cause for this problem is that the editor was opened in the wrong working directory, for example if you use sbt then the workspace directory should contain build.sbt. 
2020.09.16 16:12:10 WARN  no build tool detected in workspace '/Users/mukesht/Mukesh/Github/Puzzles/verified-counting'. The most common cause for this problem is that the editor was opened in the wrong working directory, for example if you use sbt then the workspace directory should contain build.sbt. 
2020.09.16 16:12:11 WARN  no build tool detected in workspace '/Users/mukesht/Mukesh/Github/Puzzles/verified-counting'. The most common cause for this problem is that the editor was opened in the wrong working directory, for example if you use sbt then the workspace directory should contain build.sbt. 
2020.09.16 16:12:30 WARN  no build target for: /Users/mukesht/Mukesh/Bitbucket/secc/secc/src/secc/c/State.scala
2020.09.16 16:12:30 WARN  no build target for: /Users/mukesht/Mukesh/Bitbucket/secc/secc/src/secc/c/State.scala
2020.09.16 16:13:02 WARN  no build target for: /Users/mukesht/Mukesh/Bitbucket/secc/secc/src/secc/c/State.scala
2020.09.16 16:13:02 WARN  no build target for: /Users/mukesht/Mukesh/Bitbucket/secc/secc/src/secc/c/State.scala
2020.09.16 16:13:02 WARN  no build target for: /Users/mukesht/Mukesh/Bitbucket/secc/secc/src/secc/c/State.scala
2020.09.16 16:13:20 WARN  no build target for: /Users/mukesht/Mukesh/Bitbucket/secc/secc/src/secc/c/State.scala
2020.09.16 16:13:20 WARN  no build target for: /Users/mukesht/Mukesh/Bitbucket/secc/secc/src/secc/c/State.scala
2020.09.16 16:14:08 WARN  no build target for: /Users/mukesht/Mukesh/Bitbucket/secc/secc/src/secc/c/State.scala
2020.09.16 16:14:08 WARN  no build target for: /Users/mukesht/Mukesh/Bitbucket/secc/secc/src/secc/c/State.scala
2020.09.16 16:15:40 WARN  no build target for: /Users/mukesht/Mukesh/Bitbucket/secc/secc/src/secc/c/State.scala
2020.09.16 16:15:52 WARN  no build target for: /Users/mukesht/Mukesh/Bitbucket/secc/secc/src/secc/c/State.scala
2020.09.16 16:16:00 WARN  no build target for: /Users/mukesht/Mukesh/Bitbucket/secc/secc/src/secc/c/State.scala
2020.09.16 16:16:00 WARN  no build target for: /Users/mukesht/Mukesh/Bitbucket/secc/secc/src/secc/c/State.scala
2020.09.16 16:16:05 WARN  no build target for: /Users/mukesht/Mukesh/Bitbucket/secc/secc/src/secc/c/State.scala
2020.09.16 16:16:05 WARN  no build target for: /Users/mukesht/Mukesh/Bitbucket/secc/secc/src/secc/c/State.scala
2020.09.16 16:16:09 WARN  no build target for: /Users/mukesht/Mukesh/Bitbucket/secc/secc/src/secc/c/State.scala
2020.09.16 16:16:09 WARN  no build target for: /Users/mukesht/Mukesh/Bitbucket/secc/secc/src/secc/c/State.scala
2020.09.16 16:16:09 WARN  no build target for: /Users/mukesht/Mukesh/Bitbucket/secc/secc/src/secc/c/State.scala
2020.09.16 16:16:09 WARN  no build target for: /Users/mukesht/Mukesh/Bitbucket/secc/secc/src/secc/c/State.scala
2020.09.16 16:17:10 WARN  no build target for: /Users/mukesht/Mukesh/Bitbucket/secc/secc/src/secc/c/State.scala
2020.09.16 16:17:10 WARN  no build target for: /Users/mukesht/Mukesh/Bitbucket/secc/secc/src/secc/c/State.scala
something's wrong: no file:///Users/mukesht/Mukesh/Bitbucket/secc/secc/src/secc/c/State.scala in List[<error>]RangePosition(file:///Users/mukesht/Mukesh/Bitbucket/secc/secc/src/secc/c/State.scala, 4284, 4284, 4294)
Sep. 16, 2020 4:17:28 PM org.eclipse.lsp4j.jsonrpc.RemoteEndpoint handleCancellation
WARNING: Unmatched cancel notification for request id 1023
2020.09.16 16:17:35 WARN  no build tool detected in workspace '/Users/mukesht/Mukesh/Github/Puzzles/verified-counting'. The most common cause for this problem is that the editor was opened in the wrong working directory, for example if you use sbt then the workspace directory should contain build.sbt. 
Sep. 16, 2020 4:18:02 PM org.eclipse.lsp4j.jsonrpc.RemoteEndpoint handleCancellation
WARNING: Unmatched cancel notification for request id 1035
something's wrong: no file:///Users/mukesht/Mukesh/Bitbucket/secc/secc/src/secc/c/State.scala in List[<error>]RangePosition(file:///Users/mukesht/Mukesh/Bitbucket/secc/secc/src/secc/c/State.scala, 4284, 4284, 4294)
2020.09.16 16:19:12 WARN  no build tool detected in workspace '/Users/mukesht/Mukesh/Github/Puzzles/verified-counting'. The most common cause for this problem is that the editor was opened in the wrong working directory, for example if you use sbt then the workspace directory should contain build.sbt. 
Sep. 16, 2020 4:24:57 PM org.eclipse.lsp4j.jsonrpc.RemoteEndpoint handleCancellation
WARNING: Unmatched cancel notification for request id 1093
2020.09.16 16:24:58 WARN  no build target for: /Users/mukesht/Mukesh/Bitbucket/secc/secc/src/secc/c/State.scala
2020.09.16 16:24:58 WARN  no build target for: /Users/mukesht/Mukesh/Bitbucket/secc/secc/src/secc/c/State.scala
2020.09.16 16:24:58 WARN  no build target for: /Users/mukesht/Mukesh/Bitbucket/secc/secc/src/secc/c/State.scala
2020.09.16 16:25:01 WARN  no build target for: /Users/mukesht/Mukesh/Bitbucket/secc/secc/src/secc/c/State.scala
2020.09.16 16:25:01 WARN  no build target for: /Users/mukesht/Mukesh/Bitbucket/secc/secc/src/secc/c/State.scala
2020.09.16 16:25:09 WARN  no build tool detected in workspace '/Users/mukesht/Mukesh/Github/Puzzles/verified-counting'. The most common cause for this problem is that the editor was opened in the wrong working directory, for example if you use sbt then the workspace directory should contain build.sbt. 
2020.09.16 16:25:11 WARN  no build tool detected in workspace '/Users/mukesht/Mukesh/Github/Puzzles/verified-counting'. The most common cause for this problem is that the editor was opened in the wrong working directory, for example if you use sbt then the workspace directory should contain build.sbt. 
2020.09.16 16:25:11 WARN  no build tool detected in workspace '/Users/mukesht/Mukesh/Github/Puzzles/verified-counting'. The most common cause for this problem is that the editor was opened in the wrong working directory, for example if you use sbt then the workspace directory should contain build.sbt. 
Sep. 16, 2020 4:26:17 PM org.eclipse.lsp4j.jsonrpc.RemoteEndpoint handleCancellation
WARNING: Unmatched cancel notification for request id 1115
2020.09.16 16:27:46 WARN  no build target for: /Users/mukesht/Mukesh/Bitbucket/secc/secc/src/secc/heap/Heap.scala
2020.09.16 16:29:12 WARN  no build tool detected in workspace '/Users/mukesht/Mukesh/Github/Puzzles/verified-counting'. The most common cause for this problem is that the editor was opened in the wrong working directory, for example if you use sbt then the workspace directory should contain build.sbt. 
2020.09.16 16:29:12 WARN  no build target for: /Users/mukesht/Mukesh/Bitbucket/secc/secc/src/secc/heap/Heap.scala
2020.09.16 16:29:12 WARN  no build target for: /Users/mukesht/Mukesh/Bitbucket/secc/secc/src/secc/heap/Heap.scala
Sep. 16, 2020 4:29:14 PM org.eclipse.lsp4j.jsonrpc.RemoteEndpoint handleCancellation
WARNING: Unmatched cancel notification for request id 1133
Sep. 16, 2020 4:31:32 PM org.eclipse.lsp4j.jsonrpc.RemoteEndpoint handleCancellation
WARNING: Unmatched cancel notification for request id 1145
2020.09.16 16:32:00 WARN  no build target for: /Users/mukesht/Mukesh/Bitbucket/secc/secc/src/secc/c/State.scala
2020.09.16 16:32:00 WARN  no build target for: /Users/mukesht/Mukesh/Bitbucket/secc/secc/src/secc/c/State.scala
2020.09.16 16:32:38 WARN  no build target for: /Users/mukesht/Mukesh/Bitbucket/secc/secc/src/secc/heap/Pred.scala
Sep. 16, 2020 4:32:39 PM org.eclipse.lsp4j.jsonrpc.RemoteEndpoint handleCancellation
WARNING: Unmatched cancel notification for request id 1189
2020.09.16 16:32:46 WARN  no build target for: /Users/mukesht/Mukesh/Bitbucket/secc/secc/src/secc/heap/Prop.scala
2020.09.16 16:33:33 WARN  no build target for: /Users/mukesht/Mukesh/Bitbucket/secc/secc/src/secc/heap/Pred.scala
2020.09.16 16:33:35 WARN  no build target for: /Users/mukesht/Mukesh/Bitbucket/secc/secc/src/secc/heap/Pred.scala
2020.09.16 16:34:23 WARN  no build target for: /Users/mukesht/Mukesh/Bitbucket/secc/secc/src/secc/heap/Heap.scala
2020.09.16 16:34:23 WARN  no build target for: /Users/mukesht/Mukesh/Bitbucket/secc/secc/src/secc/heap/Heap.scala
Sep. 16, 2020 4:34:43 PM org.eclipse.lsp4j.jsonrpc.RemoteEndpoint handleCancellation
WARNING: Unmatched cancel notification for request id 1224
2020.09.16 16:36:58 WARN  no build target for: /Users/mukesht/Mukesh/Bitbucket/secc/secc/src/secc/heap/Heap.scala
2020.09.16 16:36:58 WARN  no build target for: /Users/mukesht/Mukesh/Bitbucket/secc/secc/src/secc/heap/Heap.scala
2020.09.16 16:37:03 WARN  no build target for: /Users/mukesht/Mukesh/Bitbucket/secc/secc/src/secc/heap/Heap.scala
2020.09.16 16:37:03 WARN  no build target for: /Users/mukesht/Mukesh/Bitbucket/secc/secc/src/secc/heap/Heap.scala
2020.09.16 16:37:21 WARN  no build target for: /Users/mukesht/Mukesh/Bitbucket/secc/secc/src/secc/heap/Heap.scala
2020.09.16 16:37:23 WARN  no build target for: /Users/mukesht/Mukesh/Bitbucket/secc/secc/src/secc/heap/Heap.scala
something's wrong: no file:///Users/mukesht/Mukesh/Bitbucket/secc/secc/src/secc/heap/Heap.scala in List[<error>]RangePosition(file:///Users/mukesht/Mukesh/Bitbucket/secc/secc/src/secc/heap/Heap.scala, 2177, 2177, 2191)
2020.09.16 16:37:57 WARN  no build target for: /Users/mukesht/Mukesh/Bitbucket/secc/secc/src/secc/heap/Heap.scala
2020.09.16 16:37:57 WARN  no build target for: /Users/mukesht/Mukesh/Bitbucket/secc/secc/src/secc/heap/Heap.scala
2020.09.16 16:38:05 WARN  no build target for: /Users/mukesht/Mukesh/Bitbucket/secc/secc/src/secc/heap/Heap.scala
2020.09.16 16:38:30 WARN  no build target for: /Users/mukesht/Mukesh/Bitbucket/secc/secc/src/secc/heap/Heap.scala
2020.09.16 16:38:30 WARN  no build target for: /Users/mukesht/Mukesh/Bitbucket/secc/secc/src/secc/heap/Heap.scala
2020.09.16 16:40:18 WARN  no build target for: /Users/mukesht/Mukesh/Bitbucket/secc/secc/src/secc/heap/Heap.scala
2020.09.16 16:40:18 WARN  no build target for: /Users/mukesht/Mukesh/Bitbucket/secc/secc/src/secc/heap/Heap.scala
2020.09.16 16:52:15 WARN  no build target for: /Users/mukesht/Mukesh/Bitbucket/secc/secc/src/secc/heap/Heap.scala
2020.09.16 16:52:15 WARN  no build target for: /Users/mukesht/Mukesh/Bitbucket/secc/secc/src/secc/heap/Heap.scala
2020.09.16 16:52:19 WARN  no build target for: /Users/mukesht/Mukesh/Bitbucket/secc/secc/src/secc/heap/Heap.scala
2020.09.16 16:52:19 WARN  no build target for: /Users/mukesht/Mukesh/Bitbucket/secc/secc/src/secc/heap/Heap.scala
Sep. 16, 2020 5:03:52 PM org.eclipse.lsp4j.jsonrpc.RemoteEndpoint handleCancellation
WARNING: Unmatched cancel notification for request id 1719
2020.09.16 17:04:30 WARN  no build target for: /Users/mukesht/Mukesh/Bitbucket/secc/secc/src/secc/c/State.scala
Sep. 16, 2020 5:32:55 PM org.eclipse.lsp4j.jsonrpc.RemoteEndpoint handleCancellation
WARNING: Unmatched cancel notification for request id 1733
2020.09.16 17:33:39 WARN  no build target for: /Users/mukesht/Mukesh/Bitbucket/secc/secc/src/secc/c/State.scala
2020.09.16 17:33:39 WARN  no build target for: /Users/mukesht/Mukesh/Bitbucket/secc/secc/src/secc/c/State.scala
Sep. 16, 2020 6:47:07 PM org.eclipse.lsp4j.jsonrpc.services.GenericEndpoint notify
INFO: Unsupported notification method: $/setTraceNotification
Sep. 16, 2020 8:34:06 PM org.eclipse.lsp4j.jsonrpc.services.GenericEndpoint notify
INFO: Unsupported notification method: $/setTraceNotification
Sep. 16, 2020 8:34:07 PM org.eclipse.lsp4j.jsonrpc.services.GenericEndpoint notify
INFO: Unsupported notification method: $/setTraceNotification
Sep. 16, 2020 8:34:12 PM org.eclipse.lsp4j.jsonrpc.services.GenericEndpoint notify
INFO: Unsupported notification method: $/setTraceNotification
Sep. 16, 2020 8:34:14 PM org.eclipse.lsp4j.jsonrpc.services.GenericEndpoint notify
INFO: Unsupported notification method: $/setTraceNotification
Sep. 16, 2020 8:34:31 PM org.eclipse.lsp4j.jsonrpc.services.GenericEndpoint notify
INFO: Unsupported notification method: $/setTraceNotification
Sep. 16, 2020 8:34:32 PM org.eclipse.lsp4j.jsonrpc.services.GenericEndpoint notify
INFO: Unsupported notification method: $/setTraceNotification
Sep. 16, 2020 8:36:42 PM org.eclipse.lsp4j.jsonrpc.services.GenericEndpoint notify
INFO: Unsupported notification method: $/setTraceNotification
Sep. 16, 2020 8:36:44 PM org.eclipse.lsp4j.jsonrpc.services.GenericEndpoint notify
INFO: Unsupported notification method: $/setTraceNotification
2020.09.16 20:55:28 INFO  shutting down Metals
2020.09.17 09:41:36 INFO  started: Metals version 0.9.3 in workspace '/Users/mukesht/Mukesh/Github/Puzzles/verified-counting' for client vscode.
2020.09.17 09:41:37 INFO  time: initialize in 0.93s
2020.09.17 09:41:37 WARN  no build tool detected in workspace '/Users/mukesht/Mukesh/Github/Puzzles/verified-counting'. The most common cause for this problem is that the editor was opened in the wrong working directory, for example if you use sbt then the workspace directory should contain build.sbt. 
2020.09.17 09:41:37 INFO  no build target: using presentation compiler with only scala-library
2020.09.17 09:41:39 WARN  no build target for: /Users/mukesht/Mukesh/Bitbucket/secc/secc/src/secc/c/State.scala
2020.09.17 09:43:56 WARN  no build target for: /Users/mukesht/Mukesh/Bitbucket/secc/secc/src/secc/heap/Heap.scala
Sep. 17, 2020 9:43:57 AM org.eclipse.lsp4j.jsonrpc.RemoteEndpoint handleCancellation
WARNING: Unmatched cancel notification for request id 6
2020.09.17 09:43:59 WARN  no build target for: /Users/mukesht/Mukesh/Bitbucket/secc/secc/src/secc/heap/Heap.scala
2020.09.17 09:44:03 WARN  no build target for: /Users/mukesht/Mukesh/Bitbucket/secc/secc/src/secc/heap/Heap.scala
2020.09.17 09:44:09 WARN  no build target for: /Users/mukesht/Mukesh/Bitbucket/secc/secc/src/secc/heap/Pred.scala
Sep. 17, 2020 10:08:29 AM org.eclipse.lsp4j.jsonrpc.RemoteEndpoint handleCancellation
WARNING: Unmatched cancel notification for request id 15
Sep. 17, 2020 10:08:31 AM org.eclipse.lsp4j.jsonrpc.RemoteEndpoint handleCancellation
WARNING: Unmatched cancel notification for request id 20
2020.09.17 10:08:36 WARN  no build target for: /Users/mukesht/Mukesh/Bitbucket/secc/secc/src/secc/c/Prove.scala
Sep. 17, 2020 10:09:37 AM org.eclipse.lsp4j.jsonrpc.RemoteEndpoint handleCancellation
WARNING: Unmatched cancel notification for request id 33
2020.09.17 10:17:11 WARN  no build target for: /Users/mukesht/Mukesh/Bitbucket/secc/secc/src/secc/c/State.scala
2020.09.17 10:19:21 WARN  no build target for: /Users/mukesht/Mukesh/Bitbucket/secc/secc/src/secc/c/State.scala
2020.09.17 10:19:21 WARN  no build target for: /Users/mukesht/Mukesh/Bitbucket/secc/secc/src/secc/c/State.scala
2020.09.17 10:19:27 WARN  no build target for: /Users/mukesht/Mukesh/Bitbucket/secc/secc/src/secc/c/State.scala
2020.09.17 10:19:27 WARN  no build target for: /Users/mukesht/Mukesh/Bitbucket/secc/secc/src/secc/c/State.scala
2020.09.17 10:19:34 WARN  no build target for: /Users/mukesht/Mukesh/Bitbucket/secc/secc/src/secc/c/State.scala
2020.09.17 10:21:55 WARN  no build target for: /Users/mukesht/Mukesh/Bitbucket/secc/secc/src/secc/c/State.scala
2020.09.17 10:21:55 WARN  no build target for: /Users/mukesht/Mukesh/Bitbucket/secc/secc/src/secc/c/State.scala
2020.09.17 10:21:55 WARN  no build target for: /Users/mukesht/Mukesh/Bitbucket/secc/secc/src/secc/c/State.scala
2020.09.17 10:22:23 WARN  no build target for: /Users/mukesht/Mukesh/Bitbucket/secc/secc/src/secc/c/State.scala
2020.09.17 10:22:23 WARN  no build target for: /Users/mukesht/Mukesh/Bitbucket/secc/secc/src/secc/c/State.scala
2020.09.17 10:23:03 WARN  no build target for: /Users/mukesht/Mukesh/Bitbucket/secc/secc/src/secc/c/State.scala
2020.09.17 10:23:03 WARN  no build target for: /Users/mukesht/Mukesh/Bitbucket/secc/secc/src/secc/c/State.scala
2020.09.17 10:23:08 WARN  no build tool detected in workspace '/Users/mukesht/Mukesh/Github/Puzzles/verified-counting'. The most common cause for this problem is that the editor was opened in the wrong working directory, for example if you use sbt then the workspace directory should contain build.sbt. 
2020.09.17 10:23:38 WARN  no build target for: /Users/mukesht/Mukesh/Bitbucket/secc/secc/src/secc/c/State.scala
2020.09.17 10:23:38 WARN  no build target for: /Users/mukesht/Mukesh/Bitbucket/secc/secc/src/secc/c/State.scala
Sep. 17, 2020 10:25:30 AM org.eclipse.lsp4j.jsonrpc.RemoteEndpoint handleCancellation
WARNING: Unmatched cancel notification for request id 442
2020.09.17 10:27:28 WARN  no build target for: /Users/mukesht/Mukesh/Bitbucket/secc/secc/src/secc/c/Prove.scala
Sep. 17, 2020 10:31:19 AM org.eclipse.lsp4j.jsonrpc.RemoteEndpoint handleCancellation
WARNING: Unmatched cancel notification for request id 493
Sep. 17, 2020 10:31:25 AM org.eclipse.lsp4j.jsonrpc.RemoteEndpoint handleCancellation
WARNING: Unmatched cancel notification for request id 498
Sep. 17, 2020 10:32:43 AM org.eclipse.lsp4j.jsonrpc.RemoteEndpoint handleCancellation
WARNING: Unmatched cancel notification for request id 609
2020.09.17 10:32:55 WARN  no build target for: /Users/mukesht/Mukesh/Bitbucket/secc/secc/src/secc/c/Prove.scala
2020.09.17 10:32:55 WARN  no build target for: /Users/mukesht/Mukesh/Bitbucket/secc/secc/src/secc/c/Prove.scala
2020.09.17 10:33:31 WARN  no build target for: /Users/mukesht/Mukesh/Bitbucket/secc/secc/src/secc/c/Prove.scala
2020.09.17 10:33:31 WARN  no build target for: /Users/mukesht/Mukesh/Bitbucket/secc/secc/src/secc/c/Prove.scala
2020.09.17 10:33:31 WARN  no build target for: /Users/mukesht/Mukesh/Bitbucket/secc/secc/src/secc/c/Prove.scala
2020.09.17 10:33:31 WARN  no build target for: /Users/mukesht/Mukesh/Bitbucket/secc/secc/src/secc/c/Prove.scala
2020.09.17 10:33:42 WARN  no build target for: /Users/mukesht/Mukesh/Bitbucket/secc/secc/src/secc/c/Prove.scala
2020.09.17 10:34:33 WARN  no build target for: /Users/mukesht/Mukesh/Bitbucket/secc/secc/src/secc/c/Prove.scala
2020.09.17 10:34:33 WARN  no build target for: /Users/mukesht/Mukesh/Bitbucket/secc/secc/src/secc/c/Prove.scala
Sep. 17, 2020 10:36:29 AM org.eclipse.lsp4j.jsonrpc.RemoteEndpoint handleCancellation
WARNING: Unmatched cancel notification for request id 730
Sep. 17, 2020 10:38:39 AM org.eclipse.lsp4j.jsonrpc.RemoteEndpoint handleCancellation
WARNING: Unmatched cancel notification for request id 739
Sep. 17, 2020 10:38:40 AM org.eclipse.lsp4j.jsonrpc.RemoteEndpoint handleCancellation
WARNING: Unmatched cancel notification for request id 744
2020.09.17 10:39:27 WARN  no build target for: /Users/mukesht/Mukesh/Bitbucket/secc/secc/src/secc/c/Prove.scala
2020.09.17 10:39:27 WARN  no build target for: /Users/mukesht/Mukesh/Bitbucket/secc/secc/src/secc/c/Prove.scala
2020.09.17 10:40:02 WARN  no build target for: /Users/mukesht/Mukesh/Bitbucket/secc/secc/src/secc/c/Prove.scala
2020.09.17 10:40:02 WARN  no build target for: /Users/mukesht/Mukesh/Bitbucket/secc/secc/src/secc/c/Prove.scala
2020.09.17 10:40:02 WARN  no build target for: /Users/mukesht/Mukesh/Bitbucket/secc/secc/src/secc/c/Prove.scala
2020.09.17 10:40:02 WARN  no build target for: /Users/mukesht/Mukesh/Bitbucket/secc/secc/src/secc/c/Prove.scala
Sep. 17, 2020 10:41:37 AM org.eclipse.lsp4j.jsonrpc.RemoteEndpoint handleCancellation
WARNING: Unmatched cancel notification for request id 1067
2020.09.17 10:41:50 WARN  no build target for: /Users/mukesht/Mukesh/Bitbucket/secc/secc/src/secc/c/Prove.scala
2020.09.17 10:41:50 WARN  no build target for: /Users/mukesht/Mukesh/Bitbucket/secc/secc/src/secc/c/Prove.scala
2020.09.17 10:45:07 WARN  no build target for: /Users/mukesht/Mukesh/Bitbucket/secc/secc/src/secc/c/Prove.scala
2020.09.17 10:45:07 WARN  no build target for: /Users/mukesht/Mukesh/Bitbucket/secc/secc/src/secc/c/Prove.scala
2020.09.17 10:45:07 WARN  no build target for: /Users/mukesht/Mukesh/Bitbucket/secc/secc/src/secc/c/Prove.scala
2020.09.17 10:50:09 WARN  no build target for: /Users/mukesht/Mukesh/Bitbucket/secc/secc/src/secc/c/Prove.scala
2020.09.17 10:50:09 WARN  no build target for: /Users/mukesht/Mukesh/Bitbucket/secc/secc/src/secc/c/Prove.scala
2020.09.17 10:51:09 WARN  no build target for: /Users/mukesht/Mukesh/Bitbucket/secc/secc/src/secc/c/Prove.scala
Sep. 17, 2020 10:57:33 AM org.eclipse.lsp4j.jsonrpc.RemoteEndpoint handleCancellation
WARNING: Unmatched cancel notification for request id 1499
2020.09.17 10:58:41 WARN  no build target for: /Users/mukesht/Mukesh/Bitbucket/secc/secc/src/secc/c/Prove.scala
2020.09.17 10:59:10 WARN  no build target for: /Users/mukesht/Mukesh/Bitbucket/secc/secc/src/secc/c/Prove.scala
2020.09.17 10:59:10 WARN  no build target for: /Users/mukesht/Mukesh/Bitbucket/secc/secc/src/secc/c/Prove.scala
2020.09.17 11:02:01 WARN  no build target for: /Users/mukesht/Mukesh/Bitbucket/secc/secc/src/secc/c/Prove.scala
2020.09.17 11:02:01 WARN  no build target for: /Users/mukesht/Mukesh/Bitbucket/secc/secc/src/secc/c/Prove.scala
2020.09.17 11:02:30 WARN  no build target for: /Users/mukesht/Mukesh/Bitbucket/secc/secc/src/secc/c/Prove.scala
2020.09.17 11:02:30 WARN  no build target for: /Users/mukesht/Mukesh/Bitbucket/secc/secc/src/secc/c/Prove.scala
2020.09.17 11:05:22 WARN  no build target for: /Users/mukesht/Mukesh/Bitbucket/secc/secc/src/secc/c/Prove.scala
2020.09.17 11:05:22 WARN  no build target for: /Users/mukesht/Mukesh/Bitbucket/secc/secc/src/secc/c/Prove.scala
2020.09.17 11:05:22 WARN  no build target for: /Users/mukesht/Mukesh/Bitbucket/secc/secc/src/secc/c/Prove.scala
2020.09.17 11:06:15 WARN  no build target for: /Users/mukesht/Mukesh/Bitbucket/secc/secc/src/secc/c/Prove.scala
2020.09.17 11:06:15 WARN  no build target for: /Users/mukesht/Mukesh/Bitbucket/secc/secc/src/secc/c/Prove.scala
2020.09.17 11:06:23 WARN  no build target for: /Users/mukesht/Mukesh/Bitbucket/secc/secc/src/secc/c/Prove.scala
2020.09.17 11:13:13 WARN  no build target for: /Users/mukesht/Mukesh/Bitbucket/secc/secc/src/secc/c/Prove.scala
2020.09.17 11:13:13 WARN  no build target for: /Users/mukesht/Mukesh/Bitbucket/secc/secc/src/secc/c/Prove.scala
2020.09.17 11:13:22 WARN  no build target for: /Users/mukesht/Mukesh/Bitbucket/secc/secc/src/secc/c/Prove.scala
2020.09.17 11:13:22 WARN  no build target for: /Users/mukesht/Mukesh/Bitbucket/secc/secc/src/secc/c/Prove.scala
2020.09.17 11:14:10 WARN  no build target for: /Users/mukesht/Mukesh/Bitbucket/secc/secc/src/secc/c/Prove.scala
2020.09.17 11:14:10 WARN  no build target for: /Users/mukesht/Mukesh/Bitbucket/secc/secc/src/secc/c/Prove.scala
2020.09.17 11:14:15 WARN  no build target for: /Users/mukesht/Mukesh/Bitbucket/secc/secc/src/secc/c/Prove.scala
2020.09.17 11:14:15 WARN  no build target for: /Users/mukesht/Mukesh/Bitbucket/secc/secc/src/secc/c/Prove.scala
2020.09.17 11:14:24 WARN  no build target for: /Users/mukesht/Mukesh/Bitbucket/secc/secc/src/secc/c/Prove.scala
2020.09.17 11:14:24 WARN  no build target for: /Users/mukesht/Mukesh/Bitbucket/secc/secc/src/secc/c/Prove.scala
2020.09.17 11:14:29 WARN  no build target for: /Users/mukesht/Mukesh/Bitbucket/secc/secc/src/secc/c/Prove.scala
2020.09.17 11:14:29 WARN  no build target for: /Users/mukesht/Mukesh/Bitbucket/secc/secc/src/secc/c/Prove.scala
2020.09.17 11:17:56 WARN  no build target for: /Users/mukesht/Mukesh/Bitbucket/secc/secc/src/secc/c/Prove.scala
2020.09.17 11:17:56 WARN  no build target for: /Users/mukesht/Mukesh/Bitbucket/secc/secc/src/secc/c/Prove.scala
2020.09.17 11:18:24 WARN  no build target for: /Users/mukesht/Mukesh/Bitbucket/secc/secc/src/secc/c/Prove.scala
2020.09.17 11:18:24 WARN  no build target for: /Users/mukesht/Mukesh/Bitbucket/secc/secc/src/secc/c/Prove.scala
2020.09.17 11:18:48 WARN  no build target for: /Users/mukesht/Mukesh/Bitbucket/secc/secc/src/secc/c/Prove.scala
2020.09.17 11:18:48 WARN  no build target for: /Users/mukesht/Mukesh/Bitbucket/secc/secc/src/secc/c/Prove.scala
2020.09.17 11:19:26 WARN  no build target for: /Users/mukesht/Mukesh/Bitbucket/secc/secc/src/secc/c/Prove.scala
2020.09.17 11:19:26 WARN  no build target for: /Users/mukesht/Mukesh/Bitbucket/secc/secc/src/secc/c/Prove.scala
2020.09.17 11:19:26 WARN  no build target for: /Users/mukesht/Mukesh/Bitbucket/secc/secc/src/secc/c/Prove.scala
2020.09.17 11:29:56 WARN  no build target for: /Users/mukesht/Mukesh/Bitbucket/secc/secc/src/secc/c/Verify.scala
2020.09.17 11:31:43 WARN  no build target for: /Users/mukesht/Mukesh/Bitbucket/secc/secc/src/secc/c/Eval.scala
2020.09.17 11:40:57 WARN  no build target for: /Users/mukesht/Mukesh/Bitbucket/secc/secc/src/secc/c/Eval.scala
2020.09.17 11:41:27 WARN  no build target for: /Users/mukesht/Mukesh/Bitbucket/secc/secc/src/secc/pure/Alpha.scala
2020.09.17 11:41:41 WARN  no build target for: /Users/mukesht/Mukesh/Bitbucket/secc/secc/src/secc/pure/Fixity.scala
2020.09.17 11:41:50 WARN  no build target for: /Users/mukesht/Mukesh/Bitbucket/secc/secc/src/secc/pure/Fun.scala
2020.09.17 11:42:50 WARN  no build target for: /Users/mukesht/Mukesh/Bitbucket/secc/secc/src/secc/pure/package.scala
2020.09.17 11:43:05 WARN  no build target for: /Users/mukesht/Mukesh/Bitbucket/secc/secc/src/secc/pure/Pure.scala
2020.09.17 11:44:27 WARN  no build target for: /Users/mukesht/Mukesh/Bitbucket/secc/secc/src/secc/pure/Simplify.scala
2020.09.17 11:45:00 WARN  no build target for: /Users/mukesht/Mukesh/Bitbucket/secc/secc/src/secc/pure/SMT2.scala
2020.09.17 11:45:13 WARN  no build target for: /Users/mukesht/Mukesh/Bitbucket/secc/secc/src/secc/pure/Solver.scala
2020.09.17 11:45:33 WARN  no build target for: /Users/mukesht/Mukesh/Bitbucket/secc/secc/src/secc/pure/Sort.scala
Sep. 17, 2020 11:46:50 AM org.eclipse.lsp4j.jsonrpc.RemoteEndpoint handleCancellation
WARNING: Unmatched cancel notification for request id 2767
2020.09.17 11:46:53 WARN  no build target for: /Users/mukesht/Mukesh/Bitbucket/secc/secc/src/secc/heap/Prop.scala
Sep. 17, 2020 11:47:01 AM org.eclipse.lsp4j.jsonrpc.RemoteEndpoint handleCancellation
WARNING: Unmatched cancel notification for request id 2776
Sep. 17, 2020 11:47:05 AM org.eclipse.lsp4j.jsonrpc.RemoteEndpoint handleCancellation
WARNING: Unmatched cancel notification for request id 2785
Sep. 17, 2020 11:47:06 AM org.eclipse.lsp4j.jsonrpc.RemoteEndpoint handleCancellation
WARNING: Unmatched cancel notification for request id 2790
2020.09.17 11:47:17 WARN  no build target for: /Users/mukesht/Mukesh/Bitbucket/secc/secc/src/secc/heap/Heap.scala
2020.09.17 11:47:17 WARN  no build target for: /Users/mukesht/Mukesh/Bitbucket/secc/secc/src/secc/heap/Heap.scala
2020.09.17 11:47:17 WARN  no build target for: /Users/mukesht/Mukesh/Bitbucket/secc/secc/src/secc/heap/Heap.scala
Sep. 17, 2020 11:47:21 AM org.eclipse.lsp4j.jsonrpc.RemoteEndpoint handleCancellation
WARNING: Unmatched cancel notification for request id 2795
Sep. 17, 2020 11:56:26 AM org.eclipse.lsp4j.jsonrpc.RemoteEndpoint handleCancellation
WARNING: Unmatched cancel notification for request id 2800
2020.09.17 11:56:27 WARN  no build target for: /Users/mukesht/Mukesh/Bitbucket/secc/secc/src/secc/heap/Heap.scala
2020.09.17 11:56:27 WARN  no build target for: /Users/mukesht/Mukesh/Bitbucket/secc/secc/src/secc/heap/Heap.scala
Sep. 17, 2020 11:56:38 AM org.eclipse.lsp4j.jsonrpc.RemoteEndpoint handleCancellation
WARNING: Unmatched cancel notification for request id 2805
2020.09.17 11:56:40 WARN  no build target for: /Users/mukesht/Mukesh/Bitbucket/secc/secc/src/secc/heap/Heap.scala
Sep. 17, 2020 11:56:41 AM org.eclipse.lsp4j.jsonrpc.RemoteEndpoint handleCancellation
WARNING: Unmatched cancel notification for request id 2810
2020.09.17 11:56:44 WARN  no build target for: /Users/mukesht/Mukesh/Bitbucket/secc/secc/src/secc/heap/Heap.scala
2020.09.17 11:57:31 WARN  no build target for: /Users/mukesht/Mukesh/Bitbucket/secc/secc/src/secc/heap/Heap.scala
Sep. 17, 2020 12:05:14 PM org.eclipse.lsp4j.jsonrpc.RemoteEndpoint handleCancellation
WARNING: Unmatched cancel notification for request id 2867
Sep. 17, 2020 12:05:57 PM org.eclipse.lsp4j.jsonrpc.RemoteEndpoint handleCancellation
WARNING: Unmatched cancel notification for request id 3085
Sep. 17, 2020 12:06:08 PM org.eclipse.lsp4j.jsonrpc.RemoteEndpoint handleCancellation
WARNING: Unmatched cancel notification for request id 3136
2020.09.17 12:06:18 WARN  no build target for: /Users/mukesht/Mukesh/Bitbucket/secc/secc/src/secc/c/Verify.scala
2020.09.17 12:06:18 WARN  no build target for: /Users/mukesht/Mukesh/Bitbucket/secc/secc/src/secc/c/Verify.scala
Sep. 17, 2020 12:06:28 PM org.eclipse.lsp4j.jsonrpc.RemoteEndpoint handleCancellation
WARNING: Unmatched cancel notification for request id 3232
Sep. 17, 2020 12:06:50 PM org.eclipse.lsp4j.jsonrpc.RemoteEndpoint handleCancellation
WARNING: Unmatched cancel notification for request id 3300
Sep. 17, 2020 12:06:55 PM org.eclipse.lsp4j.jsonrpc.RemoteEndpoint handleCancellation
WARNING: Unmatched cancel notification for request id 3331
2020.09.17 12:07:12 WARN  no build target for: /Users/mukesht/Mukesh/Bitbucket/secc/secc/src/secc/c/Verify.scala
2020.09.17 12:07:12 WARN  no build target for: /Users/mukesht/Mukesh/Bitbucket/secc/secc/src/secc/c/Verify.scala
2020.09.17 12:07:12 WARN  no build target for: /Users/mukesht/Mukesh/Bitbucket/secc/secc/src/secc/c/Verify.scala
2020.09.17 12:07:20 WARN  no build target for: /Users/mukesht/Mukesh/Bitbucket/secc/secc/src/secc/c/Verify.scala
Sep. 17, 2020 12:28:42 PM org.eclipse.lsp4j.jsonrpc.RemoteEndpoint handleCancellation
WARNING: Unmatched cancel notification for request id 3398
2020.09.17 12:29:55 WARN  no build target for: /Users/mukesht/Mukesh/Bitbucket/secc/secc/src/secc/c/State.scala
2020.09.17 12:29:55 WARN  no build target for: /Users/mukesht/Mukesh/Bitbucket/secc/secc/src/secc/c/State.scala
2020.09.17 12:33:54 WARN  no build target for: /Users/mukesht/Mukesh/Bitbucket/secc/secc/src/secc/c/State.scala
2020.09.17 12:33:54 WARN  no build target for: /Users/mukesht/Mukesh/Bitbucket/secc/secc/src/secc/c/State.scala
2020.09.17 12:33:54 WARN  no build target for: /Users/mukesht/Mukesh/Bitbucket/secc/secc/src/secc/c/State.scala
2020.09.17 12:34:42 WARN  no build target for: /Users/mukesht/Mukesh/Bitbucket/secc/secc/src/secc/c/State.scala
2020.09.17 12:34:42 WARN  no build target for: /Users/mukesht/Mukesh/Bitbucket/secc/secc/src/secc/c/State.scala
2020.09.17 12:34:42 WARN  no build target for: /Users/mukesht/Mukesh/Bitbucket/secc/secc/src/secc/c/State.scala
2020.09.17 12:34:51 WARN  no build target for: /Users/mukesht/Mukesh/Bitbucket/secc/secc/src/secc/c/State.scala
2020.09.17 12:34:59 WARN  no build target for: /Users/mukesht/Mukesh/Bitbucket/secc/secc/src/secc/c/State.scala
2020.09.17 12:36:42 WARN  no build target for: /Users/mukesht/Mukesh/Bitbucket/secc/secc/src/secc/c/State.scala
2020.09.17 12:36:42 WARN  no build target for: /Users/mukesht/Mukesh/Bitbucket/secc/secc/src/secc/c/State.scala
2020.09.17 12:37:34 WARN  no build target for: /Users/mukesht/Mukesh/Bitbucket/secc/secc/src/secc/c/State.scala
2020.09.17 12:38:03 WARN  no build target for: /Users/mukesht/Mukesh/Bitbucket/secc/secc/src/secc/c/State.scala
Sep. 17, 2020 12:38:52 PM org.eclipse.lsp4j.jsonrpc.RemoteEndpoint handleCancellation
WARNING: Unmatched cancel notification for request id 3753
2020.09.17 12:39:43 WARN  no build tool detected in workspace '/Users/mukesht/Mukesh/Github/Puzzles/verified-counting'. The most common cause for this problem is that the editor was opened in the wrong working directory, for example if you use sbt then the workspace directory should contain build.sbt. 
2020.09.17 12:39:43 WARN  no build tool detected in workspace '/Users/mukesht/Mukesh/Github/Puzzles/verified-counting'. The most common cause for this problem is that the editor was opened in the wrong working directory, for example if you use sbt then the workspace directory should contain build.sbt. 
2020.09.17 12:39:45 WARN  no build target for: /Users/mukesht/Mukesh/Bitbucket/secc/secc/src/secc/c/Prove.scala
Sep. 17, 2020 12:42:19 PM org.eclipse.lsp4j.jsonrpc.RemoteEndpoint handleCancellation
WARNING: Unmatched cancel notification for request id 3918
Sep. 17, 2020 12:42:20 PM org.eclipse.lsp4j.jsonrpc.RemoteEndpoint handleCancellation
WARNING: Unmatched cancel notification for request id 3925
Sep. 17, 2020 12:42:20 PM org.eclipse.lsp4j.jsonrpc.RemoteEndpoint handleCancellation
WARNING: Unmatched cancel notification for request id 3926
2020.09.17 12:42:22 WARN  no build target for: /Users/mukesht/Mukesh/Bitbucket/secc/secc/src/secc/c/Prove.scala
2020.09.17 12:42:22 WARN  no build target for: /Users/mukesht/Mukesh/Bitbucket/secc/secc/src/secc/c/Prove.scala
2020.09.17 12:42:46 WARN  no build target for: /Users/mukesht/Mukesh/Bitbucket/secc/secc/src/secc/c/Prove.scala
2020.09.17 12:42:46 WARN  no build target for: /Users/mukesht/Mukesh/Bitbucket/secc/secc/src/secc/c/Prove.scala
2020.09.17 12:42:46 WARN  no build target for: /Users/mukesht/Mukesh/Bitbucket/secc/secc/src/secc/c/Prove.scala
Sep. 17, 2020 12:44:57 PM org.eclipse.lsp4j.jsonrpc.RemoteEndpoint handleCancellation
WARNING: Unmatched cancel notification for request id 4065
2020.09.17 12:45:00 WARN  no build target for: /Users/mukesht/Mukesh/Bitbucket/secc/secc/src/secc/c/Prove.scala
2020.09.17 12:45:00 WARN  no build target for: /Users/mukesht/Mukesh/Bitbucket/secc/secc/src/secc/c/Prove.scala
2020.09.17 12:45:00 WARN  no build target for: /Users/mukesht/Mukesh/Bitbucket/secc/secc/src/secc/c/Prove.scala
2020.09.17 12:45:36 WARN  no build target for: /Users/mukesht/Mukesh/Bitbucket/secc/secc/src/secc/c/Prove.scala
2020.09.17 12:45:36 WARN  no build target for: /Users/mukesht/Mukesh/Bitbucket/secc/secc/src/secc/c/Prove.scala
2020.09.17 12:45:56 WARN  no build target for: /Users/mukesht/Mukesh/Bitbucket/secc/secc/src/secc/c/Prove.scala
2020.09.17 12:45:56 WARN  no build target for: /Users/mukesht/Mukesh/Bitbucket/secc/secc/src/secc/c/Prove.scala
2020.09.17 12:46:03 WARN  no build tool detected in workspace '/Users/mukesht/Mukesh/Github/Puzzles/verified-counting'. The most common cause for this problem is that the editor was opened in the wrong working directory, for example if you use sbt then the workspace directory should contain build.sbt. 
2020.09.17 12:46:03 WARN  no build tool detected in workspace '/Users/mukesht/Mukesh/Github/Puzzles/verified-counting'. The most common cause for this problem is that the editor was opened in the wrong working directory, for example if you use sbt then the workspace directory should contain build.sbt. 
2020.09.17 12:46:08 WARN  no build target for: /Users/mukesht/Mukesh/Bitbucket/secc/secc/src/secc/c/Prove.scala
2020.09.17 12:46:08 WARN  no build target for: /Users/mukesht/Mukesh/Bitbucket/secc/secc/src/secc/c/Prove.scala
2020.09.17 12:46:08 WARN  no build target for: /Users/mukesht/Mukesh/Bitbucket/secc/secc/src/secc/c/Prove.scala
2020.09.17 12:46:08 WARN  no build target for: /Users/mukesht/Mukesh/Bitbucket/secc/secc/src/secc/c/Prove.scala
Sep. 17, 2020 12:47:33 PM org.eclipse.lsp4j.jsonrpc.RemoteEndpoint handleCancellation
WARNING: Unmatched cancel notification for request id 4328
2020.09.17 12:48:15 WARN  no build target for: /Users/mukesht/Mukesh/Bitbucket/secc/secc/src/secc/c/Prove.scala
2020.09.17 12:48:15 WARN  no build target for: /Users/mukesht/Mukesh/Bitbucket/secc/secc/src/secc/c/Prove.scala
2020.09.17 12:48:26 WARN  no build target for: /Users/mukesht/Mukesh/Bitbucket/secc/secc/src/secc/c/Prove.scala
2020.09.17 12:48:26 WARN  no build target for: /Users/mukesht/Mukesh/Bitbucket/secc/secc/src/secc/c/Prove.scala
2020.09.17 12:48:26 WARN  no build target for: /Users/mukesht/Mukesh/Bitbucket/secc/secc/src/secc/c/Prove.scala
2020.09.17 12:59:50 WARN  no build target for: /Users/mukesht/Mukesh/Bitbucket/secc/secc/src/secc/c/Prove.scala
Sep. 17, 2020 1:01:12 PM org.eclipse.lsp4j.jsonrpc.RemoteEndpoint handleCancellation
WARNING: Unmatched cancel notification for request id 4503
Sep. 17, 2020 1:14:31 PM org.eclipse.lsp4j.jsonrpc.RemoteEndpoint handleCancellation
WARNING: Unmatched cancel notification for request id 4562
Sep. 17, 2020 1:14:39 PM org.eclipse.lsp4j.jsonrpc.RemoteEndpoint handleCancellation
WARNING: Unmatched cancel notification for request id 4567
2020.09.17 13:14:59 WARN  no build target for: /Users/mukesht/Mukesh/Bitbucket/secc/secc/src/secc/c/Prove.scala
2020.09.17 13:14:59 WARN  no build target for: /Users/mukesht/Mukesh/Bitbucket/secc/secc/src/secc/c/Prove.scala
2020.09.17 13:15:04 WARN  no build target for: /Users/mukesht/Mukesh/Bitbucket/secc/secc/src/secc/c/Prove.scala
2020.09.17 13:15:27 WARN  no build target for: /Users/mukesht/Mukesh/Bitbucket/secc/secc/src/secc/c/Prove.scala
2020.09.17 13:16:54 WARN  no build target for: /Users/mukesht/Mukesh/Bitbucket/secc/secc/src/secc/c/Prove.scala
2020.09.17 13:16:54 WARN  no build target for: /Users/mukesht/Mukesh/Bitbucket/secc/secc/src/secc/c/Prove.scala
2020.09.17 13:17:43 WARN  no build target for: /Users/mukesht/Mukesh/Bitbucket/secc/secc/src/secc/c/Prove.scala
2020.09.17 13:17:43 WARN  no build target for: /Users/mukesht/Mukesh/Bitbucket/secc/secc/src/secc/c/Prove.scala
2020.09.17 13:17:46 WARN  no build target for: /Users/mukesht/Mukesh/Bitbucket/secc/secc/src/secc/c/Prove.scala
2020.09.17 13:17:46 WARN  no build target for: /Users/mukesht/Mukesh/Bitbucket/secc/secc/src/secc/c/Prove.scala
2020.09.17 13:17:48 WARN  no build target for: /Users/mukesht/Mukesh/Bitbucket/secc/secc/src/secc/c/Prove.scala
2020.09.17 13:17:50 WARN  no build target for: /Users/mukesht/Mukesh/Bitbucket/secc/secc/src/secc/c/Prove.scala
Sep. 17, 2020 1:19:45 PM org.eclipse.lsp4j.jsonrpc.RemoteEndpoint handleCancellation
WARNING: Unmatched cancel notification for request id 4689
2020.09.17 13:19:58 WARN  no build target for: /Users/mukesht/Mukesh/Bitbucket/secc/secc/src/secc/c/State.scala
2020.09.17 13:19:58 WARN  no build target for: /Users/mukesht/Mukesh/Bitbucket/secc/secc/src/secc/c/State.scala
2020.09.17 13:23:49 WARN  no build target for: /Users/mukesht/Mukesh/Bitbucket/secc/secc/src/secc/c/State.scala
2020.09.17 13:23:49 WARN  no build target for: /Users/mukesht/Mukesh/Bitbucket/secc/secc/src/secc/c/State.scala
Sep. 17, 2020 1:24:39 PM org.eclipse.lsp4j.jsonrpc.RemoteEndpoint handleCancellation
WARNING: Unmatched cancel notification for request id 4732
Sep. 17, 2020 1:25:22 PM org.eclipse.lsp4j.jsonrpc.RemoteEndpoint handleCancellation
WARNING: Unmatched cancel notification for request id 4787
Sep. 17, 2020 1:25:27 PM org.eclipse.lsp4j.jsonrpc.RemoteEndpoint handleCancellation
WARNING: Unmatched cancel notification for request id 4808
2020.09.17 13:25:52 WARN  no build target for: /Users/mukesht/Mukesh/Bitbucket/secc/secc/src/secc/heap/Heap.scala
2020.09.17 13:29:06 WARN  no build target for: /Users/mukesht/Mukesh/Bitbucket/secc/secc/src/secc/heap/Heap.scala
Sep. 17, 2020 1:34:48 PM org.eclipse.lsp4j.jsonrpc.RemoteEndpoint handleCancellation
WARNING: Unmatched cancel notification for request id 4853
2020.09.17 13:35:28 WARN  no build target for: /Users/mukesht/Mukesh/Bitbucket/secc/secc/src/secc/c/State.scala
2020.09.17 13:35:50 WARN  no build target for: /Users/mukesht/Mukesh/Bitbucket/secc/secc/src/secc/c/State.scala
2020.09.17 13:35:50 WARN  no build target for: /Users/mukesht/Mukesh/Bitbucket/secc/secc/src/secc/c/State.scala
2020.09.17 13:36:07 WARN  no build target for: /Users/mukesht/Mukesh/Bitbucket/secc/secc/src/secc/c/State.scala
2020.09.17 13:36:07 WARN  no build target for: /Users/mukesht/Mukesh/Bitbucket/secc/secc/src/secc/c/State.scala
2020.09.17 13:36:07 WARN  no build target for: /Users/mukesht/Mukesh/Bitbucket/secc/secc/src/secc/c/State.scala
2020.09.17 13:36:07 WARN  no build target for: /Users/mukesht/Mukesh/Bitbucket/secc/secc/src/secc/c/State.scala
2020.09.17 13:36:18 WARN  no build target for: /Users/mukesht/Mukesh/Bitbucket/secc/secc/src/secc/c/State.scala
2020.09.17 13:36:18 WARN  no build target for: /Users/mukesht/Mukesh/Bitbucket/secc/secc/src/secc/c/State.scala
2020.09.17 13:36:18 WARN  no build target for: /Users/mukesht/Mukesh/Bitbucket/secc/secc/src/secc/c/State.scala
Sep. 17, 2020 1:46:03 PM org.eclipse.lsp4j.jsonrpc.RemoteEndpoint handleCancellation
WARNING: Unmatched cancel notification for request id 4904
2020.09.17 13:46:45 WARN  no build target for: /Users/mukesht/Mukesh/Bitbucket/secc/secc/src/secc/c/Prove.scala
2020.09.17 13:46:45 WARN  no build target for: /Users/mukesht/Mukesh/Bitbucket/secc/secc/src/secc/c/Prove.scala
2020.09.17 13:46:45 WARN  no build target for: /Users/mukesht/Mukesh/Bitbucket/secc/secc/src/secc/c/Prove.scala
2020.09.17 13:47:01 WARN  no build target for: /Users/mukesht/Mukesh/Bitbucket/secc/secc/src/secc/c/Prove.scala
2020.09.17 13:47:01 WARN  no build target for: /Users/mukesht/Mukesh/Bitbucket/secc/secc/src/secc/c/Prove.scala
2020.09.17 13:47:01 WARN  no build target for: /Users/mukesht/Mukesh/Bitbucket/secc/secc/src/secc/c/Prove.scala
2020.09.17 13:47:24 WARN  no build target for: /Users/mukesht/Mukesh/Bitbucket/secc/secc/src/secc/c/Prove.scala
2020.09.17 13:47:24 WARN  no build target for: /Users/mukesht/Mukesh/Bitbucket/secc/secc/src/secc/c/Prove.scala
2020.09.17 13:47:24 WARN  no build target for: /Users/mukesht/Mukesh/Bitbucket/secc/secc/src/secc/c/Prove.scala
2020.09.17 13:48:23 WARN  no build target for: /Users/mukesht/Mukesh/Bitbucket/secc/secc/src/secc/c/Prove.scala
Sep. 17, 2020 1:57:27 PM org.eclipse.lsp4j.jsonrpc.RemoteEndpoint handleCancellation
WARNING: Unmatched cancel notification for request id 5029
Sep. 17, 2020 1:57:30 PM org.eclipse.lsp4j.jsonrpc.RemoteEndpoint handleCancellation
WARNING: Unmatched cancel notification for request id 5034
Sep. 17, 2020 1:57:32 PM org.eclipse.lsp4j.jsonrpc.RemoteEndpoint handleCancellation
WARNING: Unmatched cancel notification for request id 5039
2020.09.17 14:04:32 WARN  no build target for: /Users/mukesht/Mukesh/Bitbucket/secc/secc/src/secc/c/Verify.scala
2020.09.17 14:04:32 WARN  no build target for: /Users/mukesht/Mukesh/Bitbucket/secc/secc/src/secc/c/Verify.scala
2020.09.17 14:05:49 WARN  no build target for: /Users/mukesht/Mukesh/Bitbucket/secc/secc/src/secc/c/Verify.scala
Sep. 17, 2020 2:06:37 PM org.eclipse.lsp4j.jsonrpc.RemoteEndpoint handleCancellation
WARNING: Unmatched cancel notification for request id 5097
2020.09.17 14:06:40 WARN  no build target for: /Users/mukesht/Mukesh/Bitbucket/secc/secc/src/secc/c/Verify.scala
2020.09.17 14:06:40 WARN  no build target for: /Users/mukesht/Mukesh/Bitbucket/secc/secc/src/secc/c/Verify.scala
2020.09.17 14:06:40 WARN  no build target for: /Users/mukesht/Mukesh/Bitbucket/secc/secc/src/secc/c/Verify.scala
2020.09.17 14:06:40 WARN  no build target for: /Users/mukesht/Mukesh/Bitbucket/secc/secc/src/secc/c/Verify.scala
2020.09.17 14:06:52 WARN  no build target for: /Users/mukesht/Mukesh/Bitbucket/secc/secc/src/secc/c/Verify.scala
2020.09.17 14:06:52 WARN  no build target for: /Users/mukesht/Mukesh/Bitbucket/secc/secc/src/secc/c/Verify.scala
2020.09.17 14:07:14 WARN  no build target for: /Users/mukesht/Mukesh/Bitbucket/secc/secc/src/secc/c/Verify.scala
2020.09.17 14:07:14 WARN  no build target for: /Users/mukesht/Mukesh/Bitbucket/secc/secc/src/secc/c/Verify.scala
2020.09.17 14:07:14 WARN  no build target for: /Users/mukesht/Mukesh/Bitbucket/secc/secc/src/secc/c/Verify.scala
2020.09.17 14:07:27 WARN  no build target for: /Users/mukesht/Mukesh/Bitbucket/secc/secc/src/secc/c/Verify.scala
2020.09.17 14:07:27 WARN  no build target for: /Users/mukesht/Mukesh/Bitbucket/secc/secc/src/secc/c/Verify.scala
2020.09.17 14:08:42 WARN  no build target for: /Users/mukesht/Mukesh/Bitbucket/secc/secc/src/secc/c/Verify.scala
2020.09.17 14:08:42 WARN  no build target for: /Users/mukesht/Mukesh/Bitbucket/secc/secc/src/secc/c/Verify.scala
2020.09.17 14:08:42 WARN  no build target for: /Users/mukesht/Mukesh/Bitbucket/secc/secc/src/secc/c/Verify.scala
Sep. 17, 2020 2:08:49 PM org.eclipse.lsp4j.jsonrpc.RemoteEndpoint handleCancellation
WARNING: Unmatched cancel notification for request id 5185
2020.09.17 14:08:52 WARN  no build target for: /Users/mukesht/Mukesh/Bitbucket/secc/secc/src/secc/c/Verify.scala
2020.09.17 14:08:52 WARN  no build target for: /Users/mukesht/Mukesh/Bitbucket/secc/secc/src/secc/c/Verify.scala
2020.09.17 14:08:52 WARN  no build target for: /Users/mukesht/Mukesh/Bitbucket/secc/secc/src/secc/c/Verify.scala
2020.09.17 14:08:55 WARN  no build target for: /Users/mukesht/Mukesh/Bitbucket/secc/secc/src/secc/c/Verify.scala
2020.09.17 14:08:55 WARN  no build target for: /Users/mukesht/Mukesh/Bitbucket/secc/secc/src/secc/c/Verify.scala
2020.09.17 14:12:03 WARN  no build target for: /Users/mukesht/Mukesh/Bitbucket/secc/secc/src/secc/c/Verify.scala
Sep. 17, 2020 2:14:06 PM org.eclipse.lsp4j.jsonrpc.RemoteEndpoint handleCancellation
WARNING: Unmatched cancel notification for request id 5196
Sep. 17, 2020 2:14:12 PM org.eclipse.lsp4j.jsonrpc.RemoteEndpoint handleCancellation
WARNING: Unmatched cancel notification for request id 5201
2020.09.17 14:15:29 WARN  no build target for: /Users/mukesht/Mukesh/Bitbucket/secc/secc/src/secc/c/Verify.scala
Sep. 17, 2020 2:27:46 PM org.eclipse.lsp4j.jsonrpc.RemoteEndpoint handleCancellation
WARNING: Unmatched cancel notification for request id 5206
Sep. 17, 2020 2:27:52 PM org.eclipse.lsp4j.jsonrpc.RemoteEndpoint handleCancellation
WARNING: Unmatched cancel notification for request id 5211
Sep. 17, 2020 2:29:08 PM org.eclipse.lsp4j.jsonrpc.RemoteEndpoint handleCancellation
WARNING: Unmatched cancel notification for request id 5244
2020.09.17 14:29:26 WARN  no build target for: /Users/mukesht/Mukesh/Bitbucket/secc/secc/src/secc/c/Prove.scala
2020.09.17 14:29:26 WARN  no build target for: /Users/mukesht/Mukesh/Bitbucket/secc/secc/src/secc/c/Prove.scala
2020.09.17 14:29:34 WARN  no build target for: /Users/mukesht/Mukesh/Bitbucket/secc/secc/src/secc/c/Prove.scala
2020.09.17 14:29:34 WARN  no build target for: /Users/mukesht/Mukesh/Bitbucket/secc/secc/src/secc/c/Prove.scala
2020.09.17 14:29:34 WARN  no build target for: /Users/mukesht/Mukesh/Bitbucket/secc/secc/src/secc/c/Prove.scala
Sep. 17, 2020 2:30:55 PM org.eclipse.lsp4j.jsonrpc.RemoteEndpoint handleCancellation
WARNING: Unmatched cancel notification for request id 5350
2020.09.17 14:31:11 WARN  no build target for: /Users/mukesht/Mukesh/Bitbucket/secc/secc/src/secc/c/Prove.scala
2020.09.17 14:31:11 WARN  no build target for: /Users/mukesht/Mukesh/Bitbucket/secc/secc/src/secc/c/Prove.scala
2020.09.17 14:31:11 WARN  no build target for: /Users/mukesht/Mukesh/Bitbucket/secc/secc/src/secc/c/Prove.scala
2020.09.17 14:33:02 WARN  no build target for: /Users/mukesht/Mukesh/Bitbucket/secc/secc/src/secc/c/Prove.scala
2020.09.17 14:33:02 WARN  no build target for: /Users/mukesht/Mukesh/Bitbucket/secc/secc/src/secc/c/Prove.scala
2020.09.17 14:33:02 WARN  no build target for: /Users/mukesht/Mukesh/Bitbucket/secc/secc/src/secc/c/Prove.scala
2020.09.17 14:33:41 WARN  no build target for: /Users/mukesht/Mukesh/Bitbucket/secc/secc/src/secc/c/Prove.scala
2020.09.17 14:33:41 WARN  no build target for: /Users/mukesht/Mukesh/Bitbucket/secc/secc/src/secc/c/Prove.scala
2020.09.17 14:36:33 WARN  no build target for: /Users/mukesht/Mukesh/Bitbucket/secc/secc/src/secc/c/Prove.scala
2020.09.17 14:36:33 WARN  no build target for: /Users/mukesht/Mukesh/Bitbucket/secc/secc/src/secc/c/Prove.scala
2020.09.17 14:38:42 WARN  no build target for: /Users/mukesht/Mukesh/Bitbucket/secc/secc/src/secc/c/Prove.scala
2020.09.17 14:38:42 WARN  no build target for: /Users/mukesht/Mukesh/Bitbucket/secc/secc/src/secc/c/Prove.scala
2020.09.17 14:39:06 WARN  no build target for: /Users/mukesht/Mukesh/Bitbucket/secc/secc/src/secc/c/Prove.scala
2020.09.17 14:39:06 WARN  no build target for: /Users/mukesht/Mukesh/Bitbucket/secc/secc/src/secc/c/Prove.scala
2020.09.17 14:39:23 WARN  no build target for: /Users/mukesht/Mukesh/Bitbucket/secc/secc/src/secc/c/Prove.scala
2020.09.17 14:39:23 WARN  no build target for: /Users/mukesht/Mukesh/Bitbucket/secc/secc/src/secc/c/Prove.scala
2020.09.17 14:39:40 WARN  no build target for: /Users/mukesht/Mukesh/Bitbucket/secc/secc/src/secc/c/Prove.scala
2020.09.17 14:39:40 WARN  no build target for: /Users/mukesht/Mukesh/Bitbucket/secc/secc/src/secc/c/Prove.scala
2020.09.17 14:39:58 WARN  no build target for: /Users/mukesht/Mukesh/Bitbucket/secc/secc/src/secc/c/Prove.scala
2020.09.17 14:39:58 WARN  no build target for: /Users/mukesht/Mukesh/Bitbucket/secc/secc/src/secc/c/Prove.scala
2020.09.17 14:40:36 WARN  no build tool detected in workspace '/Users/mukesht/Mukesh/Github/Puzzles/verified-counting'. The most common cause for this problem is that the editor was opened in the wrong working directory, for example if you use sbt then the workspace directory should contain build.sbt. 
2020.09.17 14:46:49 WARN  no build target for: /Users/mukesht/Mukesh/Bitbucket/secc/secc/src/secc/c/Prove.scala
2020.09.17 14:48:28 WARN  no build target for: /Users/mukesht/Mukesh/Bitbucket/secc/secc/src/secc/c/Prove.scala
2020.09.17 14:48:28 WARN  no build target for: /Users/mukesht/Mukesh/Bitbucket/secc/secc/src/secc/c/Prove.scala
2020.09.17 14:48:28 WARN  no build target for: /Users/mukesht/Mukesh/Bitbucket/secc/secc/src/secc/c/Prove.scala
2020.09.17 14:48:28 WARN  no build target for: /Users/mukesht/Mukesh/Bitbucket/secc/secc/src/secc/c/Prove.scala
2020.09.17 14:53:59 WARN  no build target for: /Users/mukesht/Mukesh/Bitbucket/secc/secc/src/secc/c/Prove.scala
2020.09.17 14:53:59 WARN  no build target for: /Users/mukesht/Mukesh/Bitbucket/secc/secc/src/secc/c/Prove.scala
2020.09.17 14:53:59 WARN  no build target for: /Users/mukesht/Mukesh/Bitbucket/secc/secc/src/secc/c/Prove.scala
2020.09.17 14:53:59 WARN  no build target for: /Users/mukesht/Mukesh/Bitbucket/secc/secc/src/secc/c/Prove.scala
2020.09.17 14:54:13 WARN  no build target for: /Users/mukesht/Mukesh/Bitbucket/secc/secc/src/secc/c/Prove.scala
2020.09.17 14:54:13 WARN  no build target for: /Users/mukesht/Mukesh/Bitbucket/secc/secc/src/secc/c/Prove.scala
2020.09.17 14:54:13 WARN  no build target for: /Users/mukesht/Mukesh/Bitbucket/secc/secc/src/secc/c/Prove.scala
2020.09.17 14:54:20 WARN  no build target for: /Users/mukesht/Mukesh/Bitbucket/secc/secc/src/secc/c/Prove.scala
2020.09.17 14:54:20 WARN  no build target for: /Users/mukesht/Mukesh/Bitbucket/secc/secc/src/secc/c/Prove.scala
2020.09.17 14:54:20 WARN  no build target for: /Users/mukesht/Mukesh/Bitbucket/secc/secc/src/secc/c/Prove.scala
2020.09.17 14:54:40 WARN  no build target for: /Users/mukesht/Mukesh/Bitbucket/secc/secc/src/secc/c/Prove.scala
2020.09.17 14:54:40 WARN  no build target for: /Users/mukesht/Mukesh/Bitbucket/secc/secc/src/secc/c/Prove.scala
2020.09.17 14:54:48 WARN  no build target for: /Users/mukesht/Mukesh/Bitbucket/secc/secc/src/secc/c/Prove.scala
2020.09.17 14:54:48 WARN  no build target for: /Users/mukesht/Mukesh/Bitbucket/secc/secc/src/secc/c/Prove.scala
2020.09.17 14:54:48 WARN  no build target for: /Users/mukesht/Mukesh/Bitbucket/secc/secc/src/secc/c/Prove.scala
2020.09.17 14:54:57 WARN  no build target for: /Users/mukesht/Mukesh/Bitbucket/secc/secc/src/secc/c/Prove.scala
2020.09.17 14:54:57 WARN  no build target for: /Users/mukesht/Mukesh/Bitbucket/secc/secc/src/secc/c/Prove.scala
2020.09.17 14:54:57 WARN  no build target for: /Users/mukesht/Mukesh/Bitbucket/secc/secc/src/secc/c/Prove.scala
2020.09.17 14:54:57 WARN  no build target for: /Users/mukesht/Mukesh/Bitbucket/secc/secc/src/secc/c/Prove.scala
2020.09.17 14:55:01 WARN  no build target for: /Users/mukesht/Mukesh/Bitbucket/secc/secc/src/secc/c/Prove.scala
2020.09.17 14:55:01 WARN  no build target for: /Users/mukesht/Mukesh/Bitbucket/secc/secc/src/secc/c/Prove.scala
2020.09.17 14:55:01 WARN  no build target for: /Users/mukesht/Mukesh/Bitbucket/secc/secc/src/secc/c/Prove.scala
2020.09.17 14:55:01 WARN  no build target for: /Users/mukesht/Mukesh/Bitbucket/secc/secc/src/secc/c/Prove.scala
2020.09.17 14:55:05 WARN  no build target for: /Users/mukesht/Mukesh/Bitbucket/secc/secc/src/secc/c/Prove.scala
2020.09.17 14:55:05 WARN  no build target for: /Users/mukesht/Mukesh/Bitbucket/secc/secc/src/secc/c/Prove.scala
Sep. 17, 2020 4:20:25 PM org.eclipse.lsp4j.jsonrpc.RemoteEndpoint handleCancellation
WARNING: Unmatched cancel notification for request id 6198
2020.09.17 16:20:39 WARN  no build target for: /Users/mukesht/Mukesh/Bitbucket/secc/secc/src/secc/c/State.scala
2020.09.17 16:20:39 WARN  no build target for: /Users/mukesht/Mukesh/Bitbucket/secc/secc/src/secc/c/State.scala
2020.09.17 16:20:39 WARN  no build target for: /Users/mukesht/Mukesh/Bitbucket/secc/secc/src/secc/c/State.scala
Sep. 17, 2020 4:20:43 PM org.eclipse.lsp4j.jsonrpc.RemoteEndpoint handleCancellation
WARNING: Unmatched cancel notification for request id 6227
2020.09.17 16:21:28 WARN  no build target for: /Users/mukesht/Mukesh/Bitbucket/secc/secc/src/secc/c/Verify.scala
2020.09.17 16:21:28 WARN  no build target for: /Users/mukesht/Mukesh/Bitbucket/secc/secc/src/secc/c/Verify.scala
Sep. 17, 2020 4:21:35 PM org.eclipse.lsp4j.jsonrpc.RemoteEndpoint handleCancellation
WARNING: Unmatched cancel notification for request id 6232
Sep. 17, 2020 4:21:38 PM org.eclipse.lsp4j.jsonrpc.RemoteEndpoint handleCancellation
WARNING: Unmatched cancel notification for request id 6237
Sep. 17, 2020 4:21:44 PM org.eclipse.lsp4j.jsonrpc.RemoteEndpoint handleCancellation
WARNING: Unmatched cancel notification for request id 6242
Sep. 17, 2020 4:21:50 PM org.eclipse.lsp4j.jsonrpc.RemoteEndpoint handleCancellation
WARNING: Unmatched cancel notification for request id 6247
Sep. 17, 2020 4:21:52 PM org.eclipse.lsp4j.jsonrpc.RemoteEndpoint handleCancellation
WARNING: Unmatched cancel notification for request id 6252
2020.09.17 16:21:53 WARN  no build target for: /Users/mukesht/Mukesh/Bitbucket/secc/secc/src/secc/c/Verify.scala
Sep. 17, 2020 4:21:53 PM org.eclipse.lsp4j.jsonrpc.RemoteEndpoint handleCancellation
WARNING: Unmatched cancel notification for request id 6257
2020.09.17 16:21:53 WARN  no build target for: /Users/mukesht/Mukesh/Bitbucket/secc/secc/src/secc/c/Verify.scala
2020.09.17 16:30:52 WARN  no build target for: /Users/mukesht/Mukesh/Bitbucket/secc/secc/src/secc/c/Verify.scala
2020.09.17 16:30:52 WARN  no build target for: /Users/mukesht/Mukesh/Bitbucket/secc/secc/src/secc/c/Verify.scala
2020.09.17 16:31:24 WARN  no build target for: /Users/mukesht/Mukesh/Bitbucket/secc/secc/src/secc/c/Verify.scala
2020.09.17 16:31:24 WARN  no build target for: /Users/mukesht/Mukesh/Bitbucket/secc/secc/src/secc/c/Verify.scala
2020.09.17 16:31:24 WARN  no build target for: /Users/mukesht/Mukesh/Bitbucket/secc/secc/src/secc/c/Verify.scala
2020.09.17 16:31:30 WARN  no build target for: /Users/mukesht/Mukesh/Bitbucket/secc/secc/src/secc/c/Verify.scala
2020.09.17 16:31:30 WARN  no build target for: /Users/mukesht/Mukesh/Bitbucket/secc/secc/src/secc/c/Verify.scala
2020.09.17 16:31:36 WARN  no build target for: /Users/mukesht/Mukesh/Bitbucket/secc/secc/src/secc/c/Verify.scala
2020.09.17 16:31:36 WARN  no build target for: /Users/mukesht/Mukesh/Bitbucket/secc/secc/src/secc/c/Verify.scala
Sep. 17, 2020 4:33:00 PM org.eclipse.lsp4j.jsonrpc.RemoteEndpoint handleCancellation
WARNING: Unmatched cancel notification for request id 6332
2020.09.17 16:33:01 WARN  no build target for: /Users/mukesht/Mukesh/Bitbucket/secc/secc/src/secc/c/Prove.scala
2020.09.17 16:33:01 WARN  no build target for: /Users/mukesht/Mukesh/Bitbucket/secc/secc/src/secc/c/Prove.scala
Sep. 17, 2020 4:33:12 PM org.eclipse.lsp4j.jsonrpc.RemoteEndpoint handleCancellation
WARNING: Unmatched cancel notification for request id 6337
Sep. 17, 2020 4:33:38 PM org.eclipse.lsp4j.jsonrpc.RemoteEndpoint handleCancellation
WARNING: Unmatched cancel notification for request id 6342
2020.09.17 16:33:51 WARN  no build target for: /Users/mukesht/Mukesh/Bitbucket/secc/secc/src/secc/c/Prove.scala
2020.09.17 16:33:51 WARN  no build target for: /Users/mukesht/Mukesh/Bitbucket/secc/secc/src/secc/c/Prove.scala
Sep. 17, 2020 4:33:57 PM org.eclipse.lsp4j.jsonrpc.RemoteEndpoint handleCancellation
WARNING: Unmatched cancel notification for request id 6376
2020.09.17 16:34:01 WARN  no build target for: /Users/mukesht/Mukesh/Bitbucket/secc/secc/src/secc/c/Prove.scala
2020.09.17 16:34:01 WARN  no build target for: /Users/mukesht/Mukesh/Bitbucket/secc/secc/src/secc/c/Prove.scala
2020.09.17 16:34:06 WARN  no build target for: /Users/mukesht/Mukesh/Bitbucket/secc/secc/src/secc/c/Prove.scala
2020.09.17 16:34:10 WARN  no build target for: /Users/mukesht/Mukesh/Bitbucket/secc/secc/src/secc/c/Prove.scala
2020.09.17 16:34:24 WARN  no build tool detected in workspace '/Users/mukesht/Mukesh/Github/Puzzles/verified-counting'. The most common cause for this problem is that the editor was opened in the wrong working directory, for example if you use sbt then the workspace directory should contain build.sbt. 
2020.09.17 16:34:35 WARN  no build tool detected in workspace '/Users/mukesht/Mukesh/Github/Puzzles/verified-counting'. The most common cause for this problem is that the editor was opened in the wrong working directory, for example if you use sbt then the workspace directory should contain build.sbt. 
2020.09.17 16:35:18 WARN  no build target for: /Users/mukesht/Mukesh/Bitbucket/secc/secc/src/secc/c/Prove.scala
2020.09.17 16:35:22 WARN  no build target for: /Users/mukesht/Mukesh/Bitbucket/secc/secc/src/secc/c/Prove.scala
2020.09.17 16:35:22 WARN  no build target for: /Users/mukesht/Mukesh/Bitbucket/secc/secc/src/secc/c/Prove.scala
2020.09.17 16:35:48 WARN  no build target for: /Users/mukesht/Mukesh/Bitbucket/secc/secc/src/secc/c/Prove.scala
2020.09.17 16:35:48 WARN  no build target for: /Users/mukesht/Mukesh/Bitbucket/secc/secc/src/secc/c/Prove.scala
2020.09.17 16:35:48 WARN  no build target for: /Users/mukesht/Mukesh/Bitbucket/secc/secc/src/secc/c/Prove.scala
Sep. 17, 2020 4:36:43 PM org.eclipse.lsp4j.jsonrpc.RemoteEndpoint handleCancellation
WARNING: Unmatched cancel notification for request id 6471
Sep. 17, 2020 4:36:52 PM org.eclipse.lsp4j.jsonrpc.RemoteEndpoint handleCancellation
WARNING: Unmatched cancel notification for request id 6476
Sep. 17, 2020 4:36:56 PM org.eclipse.lsp4j.jsonrpc.RemoteEndpoint handleCancellation
WARNING: Unmatched cancel notification for request id 6481
2020.09.17 16:37:40 WARN  no build target for: /Users/mukesht/Mukesh/Bitbucket/secc/secc/src/secc/heap/Heap.scala
Sep. 17, 2020 4:37:40 PM org.eclipse.lsp4j.jsonrpc.RemoteEndpoint handleCancellation
WARNING: Unmatched cancel notification for request id 6486
2020.09.17 16:37:48 WARN  no build target for: /Users/mukesht/Mukesh/Bitbucket/secc/secc/src/secc/heap/Heap.scala
2020.09.17 16:37:48 WARN  no build target for: /Users/mukesht/Mukesh/Bitbucket/secc/secc/src/secc/heap/Heap.scala
2020.09.17 16:37:48 WARN  no build target for: /Users/mukesht/Mukesh/Bitbucket/secc/secc/src/secc/heap/Heap.scala
2020.09.17 16:37:55 WARN  no build target for: /Users/mukesht/Mukesh/Bitbucket/secc/secc/src/secc/heap/Heap.scala
2020.09.17 16:37:55 WARN  no build target for: /Users/mukesht/Mukesh/Bitbucket/secc/secc/src/secc/heap/Heap.scala
Sep. 17, 2020 4:38:48 PM org.eclipse.lsp4j.jsonrpc.RemoteEndpoint handleCancellation
WARNING: Unmatched cancel notification for request id 6513
Sep. 17, 2020 4:38:59 PM org.eclipse.lsp4j.jsonrpc.RemoteEndpoint handleCancellation
WARNING: Unmatched cancel notification for request id 6518
Sep. 17, 2020 4:39:12 PM org.eclipse.lsp4j.jsonrpc.RemoteEndpoint handleCancellation
WARNING: Unmatched cancel notification for request id 6524
Sep. 17, 2020 4:39:14 PM org.eclipse.lsp4j.jsonrpc.RemoteEndpoint handleCancellation
WARNING: Unmatched cancel notification for request id 6529
Sep. 17, 2020 4:39:14 PM org.eclipse.lsp4j.jsonrpc.RemoteEndpoint handleCancellation
WARNING: Unmatched cancel notification for request id 6534
Sep. 17, 2020 4:39:16 PM org.eclipse.lsp4j.jsonrpc.RemoteEndpoint handleCancellation
WARNING: Unmatched cancel notification for request id 6539
Sep. 17, 2020 4:39:17 PM org.eclipse.lsp4j.jsonrpc.RemoteEndpoint handleCancellation
WARNING: Unmatched cancel notification for request id 6544
2020.09.17 16:48:57 WARN  no build target for: /Users/mukesht/Mukesh/Bitbucket/secc/secc/src/secc/c/Verify.scala
Sep. 17, 2020 4:48:57 PM org.eclipse.lsp4j.jsonrpc.RemoteEndpoint handleCancellation
WARNING: Unmatched cancel notification for request id 6550
2020.09.17 16:49:17 WARN  no build target for: /Users/mukesht/Mukesh/Bitbucket/secc/secc/src/secc/c/Prove.scala
Sep. 17, 2020 4:49:17 PM org.eclipse.lsp4j.jsonrpc.RemoteEndpoint handleCancellation
WARNING: Unmatched cancel notification for request id 6554
Sep. 17, 2020 4:49:21 PM org.eclipse.lsp4j.jsonrpc.RemoteEndpoint handleCancellation
WARNING: Unmatched cancel notification for request id 6559
Sep. 17, 2020 4:49:22 PM org.eclipse.lsp4j.jsonrpc.RemoteEndpoint handleCancellation
WARNING: Unmatched cancel notification for request id 6563
2020.09.17 16:49:25 WARN  no build target for: /Users/mukesht/Mukesh/Bitbucket/secc/secc/src/secc/c/Prove.scala
2020.09.17 16:49:25 WARN  no build target for: /Users/mukesht/Mukesh/Bitbucket/secc/secc/src/secc/c/Prove.scala
2020.09.17 16:49:37 WARN  no build target for: /Users/mukesht/Mukesh/Bitbucket/secc/secc/src/secc/c/Prove.scala
2020.09.17 16:49:37 WARN  no build target for: /Users/mukesht/Mukesh/Bitbucket/secc/secc/src/secc/c/Prove.scala
2020.09.17 16:53:26 WARN  no build target for: /Users/mukesht/Mukesh/Bitbucket/secc/secc/src/secc/c/Prove.scala
2020.09.17 16:53:26 WARN  no build target for: /Users/mukesht/Mukesh/Bitbucket/secc/secc/src/secc/c/Prove.scala
2020.09.17 16:54:05 WARN  no build target for: /Users/mukesht/Mukesh/Bitbucket/secc/secc/src/secc/c/Prove.scala
2020.09.17 16:54:05 WARN  no build target for: /Users/mukesht/Mukesh/Bitbucket/secc/secc/src/secc/c/Prove.scala
2020.09.17 16:54:57 WARN  no build target for: /Users/mukesht/Mukesh/Bitbucket/secc/secc/src/secc/c/Prove.scala
2020.09.17 16:55:29 WARN  no build target for: /Users/mukesht/Mukesh/Bitbucket/secc/secc/src/secc/c/Prove.scala
2020.09.17 16:55:29 WARN  no build target for: /Users/mukesht/Mukesh/Bitbucket/secc/secc/src/secc/c/Prove.scala
Sep. 17, 2020 4:57:24 PM org.eclipse.lsp4j.jsonrpc.RemoteEndpoint handleCancellation
WARNING: Unmatched cancel notification for request id 6784
Sep. 17, 2020 5:07:00 PM org.eclipse.lsp4j.jsonrpc.RemoteEndpoint handleCancellation
WARNING: Unmatched cancel notification for request id 6789
Sep. 17, 2020 5:33:54 PM org.eclipse.lsp4j.jsonrpc.RemoteEndpoint handleCancellation
WARNING: Unmatched cancel notification for request id 6815
2020.09.17 17:34:06 WARN  no build target for: /Users/mukesht/Mukesh/Bitbucket/secc/secc/src/secc/c/Prove.scala
2020.09.17 17:34:06 WARN  no build target for: /Users/mukesht/Mukesh/Bitbucket/secc/secc/src/secc/c/Prove.scala
Sep. 17, 2020 5:34:56 PM org.eclipse.lsp4j.jsonrpc.RemoteEndpoint handleCancellation
WARNING: Unmatched cancel notification for request id 6838
2020.09.17 17:35:03 WARN  no build target for: /Users/mukesht/Mukesh/Bitbucket/secc/secc/src/secc/c/Prove.scala
2020.09.17 17:35:03 WARN  no build target for: /Users/mukesht/Mukesh/Bitbucket/secc/secc/src/secc/c/Prove.scala
2020.09.17 17:35:03 WARN  no build target for: /Users/mukesht/Mukesh/Bitbucket/secc/secc/src/secc/c/Prove.scala
2020.09.17 17:35:03 WARN  no build target for: /Users/mukesht/Mukesh/Bitbucket/secc/secc/src/secc/c/Prove.scala
Sep. 17, 2020 5:37:30 PM org.eclipse.lsp4j.jsonrpc.RemoteEndpoint handleCancellation
WARNING: Unmatched cancel notification for request id 6854
Sep. 17, 2020 5:38:25 PM org.eclipse.lsp4j.jsonrpc.RemoteEndpoint handleCancellation
WARNING: Unmatched cancel notification for request id 6860
2020.09.17 17:39:53 WARN  no build target for: /Users/mukesht/Mukesh/Bitbucket/secc/secc/src/secc/c/Prove.scala
Sep. 17, 2020 5:47:27 PM org.eclipse.lsp4j.jsonrpc.RemoteEndpoint handleCancellation
WARNING: Unmatched cancel notification for request id 6934
2020.09.17 17:49:12 WARN  no build target for: /Users/mukesht/Mukesh/Bitbucket/secc/secc/src/secc/c/Prove.scala
2020.09.17 17:49:12 WARN  no build target for: /Users/mukesht/Mukesh/Bitbucket/secc/secc/src/secc/c/Prove.scala
2020.09.17 17:49:12 WARN  no build target for: /Users/mukesht/Mukesh/Bitbucket/secc/secc/src/secc/c/Prove.scala
2020.09.17 17:50:10 WARN  no build target for: /Users/mukesht/Mukesh/Bitbucket/secc/secc/src/secc/c/Prove.scala
2020.09.17 17:50:10 WARN  no build target for: /Users/mukesht/Mukesh/Bitbucket/secc/secc/src/secc/c/Prove.scala
2020.09.17 17:50:10 WARN  no build target for: /Users/mukesht/Mukesh/Bitbucket/secc/secc/src/secc/c/Prove.scala
2020.09.17 17:50:13 WARN  no build target for: /Users/mukesht/Mukesh/Bitbucket/secc/secc/src/secc/c/Prove.scala
2020.09.17 17:50:13 WARN  no build target for: /Users/mukesht/Mukesh/Bitbucket/secc/secc/src/secc/c/Prove.scala
2020.09.17 17:50:13 WARN  no build target for: /Users/mukesht/Mukesh/Bitbucket/secc/secc/src/secc/c/Prove.scala
2020.09.17 17:50:38 WARN  no build tool detected in workspace '/Users/mukesht/Mukesh/Github/Puzzles/verified-counting'. The most common cause for this problem is that the editor was opened in the wrong working directory, for example if you use sbt then the workspace directory should contain build.sbt. 
2020.09.17 17:50:38 WARN  no build target for: /Users/mukesht/Mukesh/Bitbucket/secc/secc/src/secc/c/Prove.scala
2020.09.17 17:50:38 WARN  no build target for: /Users/mukesht/Mukesh/Bitbucket/secc/secc/src/secc/c/Prove.scala
2020.09.17 17:50:38 WARN  no build target for: /Users/mukesht/Mukesh/Bitbucket/secc/secc/src/secc/c/Prove.scala
2020.09.17 17:50:56 WARN  no build tool detected in workspace '/Users/mukesht/Mukesh/Github/Puzzles/verified-counting'. The most common cause for this problem is that the editor was opened in the wrong working directory, for example if you use sbt then the workspace directory should contain build.sbt. 
2020.09.17 17:51:03 WARN  no build target for: /Users/mukesht/Mukesh/Bitbucket/secc/secc/src/secc/c/Prove.scala
2020.09.17 17:51:03 WARN  no build target for: /Users/mukesht/Mukesh/Bitbucket/secc/secc/src/secc/c/Prove.scala
2020.09.17 17:51:03 WARN  no build target for: /Users/mukesht/Mukesh/Bitbucket/secc/secc/src/secc/c/Prove.scala
Sep. 17, 2020 5:51:16 PM org.eclipse.lsp4j.jsonrpc.RemoteEndpoint handleCancellation
WARNING: Unmatched cancel notification for request id 7067
2020.09.17 17:51:20 WARN  no build target for: /Users/mukesht/Mukesh/Bitbucket/secc/secc/src/secc/c/Prove.scala
2020.09.17 17:51:20 WARN  no build target for: /Users/mukesht/Mukesh/Bitbucket/secc/secc/src/secc/c/Prove.scala
2020.09.17 17:51:20 WARN  no build target for: /Users/mukesht/Mukesh/Bitbucket/secc/secc/src/secc/c/Prove.scala
2020.09.17 17:51:48 WARN  no build tool detected in workspace '/Users/mukesht/Mukesh/Github/Puzzles/verified-counting'. The most common cause for this problem is that the editor was opened in the wrong working directory, for example if you use sbt then the workspace directory should contain build.sbt. 
2020.09.17 17:52:27 WARN  no build target for: /Users/mukesht/Mukesh/Bitbucket/secc/secc/src/secc/c/Prove.scala
2020.09.17 17:52:27 WARN  no build target for: /Users/mukesht/Mukesh/Bitbucket/secc/secc/src/secc/c/Prove.scala
2020.09.17 17:52:27 WARN  no build target for: /Users/mukesht/Mukesh/Bitbucket/secc/secc/src/secc/c/Prove.scala
2020.09.17 17:52:27 WARN  no build target for: /Users/mukesht/Mukesh/Bitbucket/secc/secc/src/secc/c/Prove.scala
2020.09.17 17:52:31 WARN  no build target for: /Users/mukesht/Mukesh/Bitbucket/secc/secc/src/secc/c/Prove.scala
2020.09.17 17:52:55 WARN  no build target for: /Users/mukesht/Mukesh/Bitbucket/secc/secc/src/secc/c/Prove.scala
2020.09.17 17:52:55 WARN  no build target for: /Users/mukesht/Mukesh/Bitbucket/secc/secc/src/secc/c/Prove.scala
2020.09.17 17:55:43 WARN  no build target for: /Users/mukesht/Mukesh/Bitbucket/secc/secc/src/secc/c/Prove.scala
2020.09.17 17:55:43 WARN  no build target for: /Users/mukesht/Mukesh/Bitbucket/secc/secc/src/secc/c/Prove.scala
2020.09.17 17:56:18 WARN  no build target for: /Users/mukesht/Mukesh/Bitbucket/secc/secc/src/secc/c/Prove.scala
2020.09.17 17:56:31 WARN  no build target for: /Users/mukesht/Mukesh/Bitbucket/secc/secc/src/secc/c/Prove.scala
2020.09.17 17:56:31 WARN  no build target for: /Users/mukesht/Mukesh/Bitbucket/secc/secc/src/secc/c/Prove.scala
2020.09.17 17:56:31 WARN  no build target for: /Users/mukesht/Mukesh/Bitbucket/secc/secc/src/secc/c/Prove.scala
2020.09.17 17:56:42 WARN  no build target for: /Users/mukesht/Mukesh/Bitbucket/secc/secc/src/secc/c/Prove.scala
2020.09.17 17:56:42 WARN  no build target for: /Users/mukesht/Mukesh/Bitbucket/secc/secc/src/secc/c/Prove.scala
2020.09.17 18:01:14 WARN  no build target for: /Users/mukesht/Mukesh/Bitbucket/secc/secc/src/secc/c/Prove.scala
2020.09.17 18:01:14 WARN  no build target for: /Users/mukesht/Mukesh/Bitbucket/secc/secc/src/secc/c/Prove.scala
2020.09.17 18:01:14 WARN  no build target for: /Users/mukesht/Mukesh/Bitbucket/secc/secc/src/secc/c/Prove.scala
2020.09.17 18:01:55 WARN  no build target for: /Users/mukesht/Mukesh/Bitbucket/secc/secc/src/secc/c/Prove.scala
2020.09.17 18:01:55 WARN  no build target for: /Users/mukesht/Mukesh/Bitbucket/secc/secc/src/secc/c/Prove.scala
2020.09.17 18:01:55 WARN  no build target for: /Users/mukesht/Mukesh/Bitbucket/secc/secc/src/secc/c/Prove.scala
2020.09.17 18:02:15 WARN  no build target for: /Users/mukesht/Mukesh/Bitbucket/secc/secc/src/secc/c/Prove.scala
2020.09.17 18:02:15 WARN  no build target for: /Users/mukesht/Mukesh/Bitbucket/secc/secc/src/secc/c/Prove.scala
Sep. 17, 2020 6:02:46 PM org.eclipse.lsp4j.jsonrpc.RemoteEndpoint handleCancellation
WARNING: Unmatched cancel notification for request id 7449
2020.09.17 18:02:58 WARN  no build target for: /Users/mukesht/Mukesh/Bitbucket/secc/secc/src/secc/c/Prove.scala
2020.09.17 18:02:58 WARN  no build target for: /Users/mukesht/Mukesh/Bitbucket/secc/secc/src/secc/c/Prove.scala
2020.09.17 18:02:58 WARN  no build target for: /Users/mukesht/Mukesh/Bitbucket/secc/secc/src/secc/c/Prove.scala
2020.09.17 18:03:03 WARN  no build target for: /Users/mukesht/Mukesh/Bitbucket/secc/secc/src/secc/c/Prove.scala
2020.09.17 18:03:03 WARN  no build target for: /Users/mukesht/Mukesh/Bitbucket/secc/secc/src/secc/c/Prove.scala
2020.09.17 18:03:03 WARN  no build target for: /Users/mukesht/Mukesh/Bitbucket/secc/secc/src/secc/c/Prove.scala
2020.09.17 18:04:12 WARN  no build tool detected in workspace '/Users/mukesht/Mukesh/Github/Puzzles/verified-counting'. The most common cause for this problem is that the editor was opened in the wrong working directory, for example if you use sbt then the workspace directory should contain build.sbt. 
2020.09.17 18:04:30 WARN  no build target for: /Users/mukesht/Mukesh/Bitbucket/secc/secc/src/secc/c/Prove.scala
2020.09.17 18:04:30 WARN  no build target for: /Users/mukesht/Mukesh/Bitbucket/secc/secc/src/secc/c/Prove.scala
2020.09.17 18:14:57 WARN  no build target for: /Users/mukesht/Mukesh/Bitbucket/secc/secc/src/secc/c/Prove.scala
2020.09.17 18:14:57 WARN  no build target for: /Users/mukesht/Mukesh/Bitbucket/secc/secc/src/secc/c/Prove.scala
2020.09.17 18:15:08 WARN  no build target for: /Users/mukesht/Mukesh/Bitbucket/secc/secc/src/secc/c/Prove.scala
2020.09.17 18:15:08 WARN  no build target for: /Users/mukesht/Mukesh/Bitbucket/secc/secc/src/secc/c/Prove.scala
2020.09.17 18:15:08 WARN  no build target for: /Users/mukesht/Mukesh/Bitbucket/secc/secc/src/secc/c/Prove.scala
2020.09.17 18:15:08 WARN  no build target for: /Users/mukesht/Mukesh/Bitbucket/secc/secc/src/secc/c/Prove.scala
2020.09.17 18:15:20 WARN  no build target for: /Users/mukesht/Mukesh/Bitbucket/secc/secc/src/secc/c/Prove.scala
2020.09.17 18:26:02 WARN  no build target for: /Users/mukesht/Mukesh/Bitbucket/secc/secc/src/secc/c/Prove.scala
2020.09.17 18:26:02 WARN  no build target for: /Users/mukesht/Mukesh/Bitbucket/secc/secc/src/secc/c/Prove.scala
2020.09.17 18:27:33 WARN  no build target for: /Users/mukesht/Mukesh/Bitbucket/secc/secc/src/secc/c/Prove.scala
2020.09.17 18:27:33 WARN  no build target for: /Users/mukesht/Mukesh/Bitbucket/secc/secc/src/secc/c/Prove.scala
2020.09.17 18:30:38 WARN  no build target for: /Users/mukesht/Mukesh/Bitbucket/secc/secc/src/secc/c/Prove.scala
2020.09.17 18:33:42 WARN  no build target for: /Users/mukesht/Mukesh/Bitbucket/secc/secc/src/secc/c/Prove.scala
2020.09.17 18:33:42 WARN  no build target for: /Users/mukesht/Mukesh/Bitbucket/secc/secc/src/secc/c/Prove.scala
2020.09.18 09:21:59 INFO  shutting down Metals
2020.09.18 09:22:11 INFO  started: Metals version 0.9.3 in workspace '/Users/mukesht/Mukesh/Github/Puzzles/verified-counting' for client vscode.
2020.09.18 09:22:11 INFO  time: initialize in 0.92s
2020.09.18 09:22:12 WARN  no build tool detected in workspace '/Users/mukesht/Mukesh/Github/Puzzles/verified-counting'. The most common cause for this problem is that the editor was opened in the wrong working directory, for example if you use sbt then the workspace directory should contain build.sbt. 
2020.09.18 09:22:12 INFO  no build target: using presentation compiler with only scala-library
2020.09.18 09:22:14 WARN  no build target for: /Users/mukesht/Mukesh/Bitbucket/secc/secc/src/secc/c/Prove.scala
Sep. 18, 2020 11:17:59 AM org.eclipse.lsp4j.jsonrpc.RemoteEndpoint handleCancellation
WARNING: Unmatched cancel notification for request id 7
2020.09.18 11:18:06 WARN  no build target for: /Users/mukesht/Mukesh/Bitbucket/secc/secc/src/secc/c/Prove.scala
2020.09.18 11:18:16 WARN  no build target for: /Users/mukesht/Mukesh/Bitbucket/secc/secc/src/secc/c/Prove.scala
2020.09.18 11:18:20 WARN  no build target for: /Users/mukesht/Mukesh/Bitbucket/secc/secc/src/secc/c/Prove.scala
2020.09.18 11:18:22 WARN  no build target for: /Users/mukesht/Mukesh/Bitbucket/secc/secc/src/secc/c/Prove.scala
2020.09.18 11:18:22 WARN  no build target for: /Users/mukesht/Mukesh/Bitbucket/secc/secc/src/secc/c/Prove.scala
2020.09.18 11:18:22 WARN  no build target for: /Users/mukesht/Mukesh/Bitbucket/secc/secc/src/secc/c/Prove.scala
2020.09.18 11:19:10 WARN  no build target for: /Users/mukesht/Mukesh/Bitbucket/secc/secc/src/secc/c/Prove.scala
2020.09.18 11:19:10 WARN  no build target for: /Users/mukesht/Mukesh/Bitbucket/secc/secc/src/secc/c/Prove.scala
2020.09.18 11:19:16 WARN  no build target for: /Users/mukesht/Mukesh/Bitbucket/secc/secc/src/secc/c/Prove.scala
2020.09.18 11:19:16 WARN  no build target for: /Users/mukesht/Mukesh/Bitbucket/secc/secc/src/secc/c/Prove.scala
2020.09.18 11:19:16 WARN  no build target for: /Users/mukesht/Mukesh/Bitbucket/secc/secc/src/secc/c/Prove.scala
2020.09.18 11:19:34 WARN  no build tool detected in workspace '/Users/mukesht/Mukesh/Github/Puzzles/verified-counting'. The most common cause for this problem is that the editor was opened in the wrong working directory, for example if you use sbt then the workspace directory should contain build.sbt. 
2020.09.18 11:19:53 WARN  no build tool detected in workspace '/Users/mukesht/Mukesh/Github/Puzzles/verified-counting'. The most common cause for this problem is that the editor was opened in the wrong working directory, for example if you use sbt then the workspace directory should contain build.sbt. 
2020.09.18 11:20:00 WARN  no build tool detected in workspace '/Users/mukesht/Mukesh/Github/Puzzles/verified-counting'. The most common cause for this problem is that the editor was opened in the wrong working directory, for example if you use sbt then the workspace directory should contain build.sbt. 
Sep. 18, 2020 12:55:28 PM org.eclipse.lsp4j.jsonrpc.RemoteEndpoint handleCancellation
WARNING: Unmatched cancel notification for request id 82
2020.09.18 12:56:18 WARN  no build tool detected in workspace '/Users/mukesht/Mukesh/Github/Puzzles/verified-counting'. The most common cause for this problem is that the editor was opened in the wrong working directory, for example if you use sbt then the workspace directory should contain build.sbt. 
